============================= test session starts =============================
platform win32 -- Python 3.11.9, pytest-9.1.1, pluggy-1.6.0 -- C:\Users\Administrator\AppData\Local\hermes\hermes-agent\venv\Scripts\python.exe
cachedir: .pytest_cache
rootdir: D:\Users\Administrator\Desktop\autodev-ng\data\prompt-autoresearch\worktrees\5bc654fe
configfile: pytest.ini
plugins: anyio-4.14.2, langsmith-0.8.9, asyncio-1.4.0, cov-7.1.0, split-0.11.0, timeout-2.4.0, xdist-3.8.0
asyncio: mode=Mode.STRICT, debug=False, asyncio_default_fixture_loop_scope=None, asyncio_default_test_loop_scope=function
collecting ... collected 9 items

tests/manual-goal-evolve-reignite.py::TestGoalEvolveReignite::test_log_entry_count_and_fields [95m============================================================[0m
  Prompt AutoResearch ???瑁??芸?瞍?
  max_rounds=6, smoke=24, dev=24, holdout=24
  no_improve_limit=2, same_failure_limit=5, route_every=0
  retry_after_no_improve=0
[95m============================================================[0m

[95m================================================================[0m
  Round 1 / 6
[95m================================================================[0m
[96mRound 1 摰?嚗romoted=False, best_dev=0.00, no_improve=1[0m
[96m隡啗? API calls嚗頛?0嚗敞閮?0[0m

[95m================================================================[0m
  Round 2 / 6
[95m================================================================[0m
[96mRound 2 摰?嚗romoted=False, best_dev=0.00, no_improve=2[0m
[96m隡啗? API calls嚗頛?0嚗敞閮?0[0m
[93m?對? ?迫璇辣閫貊嚗?? 2 頛芣??[0m

[95m============================================================[0m
  ?瑁?瞍?蝯?
  ?????? 0
  ?雿?dev: 0.00
  隡啗? API calls: 0
  log: evolution_log.jsonl
[95m============================================================[0m
PASSED
tests/manual-goal-evolve-reignite.py::TestGoalEvolveReignite::test_actual_evolution_log_date_validation [95m============================================================[0m
  Prompt AutoResearch ???瑁??芸?瞍?
  max_rounds=6, smoke=24, dev=24, holdout=24
  no_improve_limit=10, same_failure_limit=5, route_every=0
  retry_after_no_improve=0
[95m============================================================[0m

[95m================================================================[0m
  Round 1 / 6
[95m================================================================[0m
[96mRound 1 摰?嚗romoted=False, best_dev=0.00, no_improve=1[0m
[96m隡啗? API calls嚗頛?0嚗敞閮?0[0m

[95m================================================================[0m
  Round 2 / 6
[95m================================================================[0m
[96mRound 2 摰?嚗romoted=False, best_dev=0.00, no_improve=2[0m
[96m隡啗? API calls嚗頛?0嚗敞閮?0[0m

[95m================================================================[0m
  Round 3 / 6
[95m================================================================[0m
[96mRound 3 摰?嚗romoted=False, best_dev=0.00, no_improve=3[0m
[96m隡啗? API calls嚗頛?0嚗敞閮?0[0m

[95m================================================================[0m
  Round 4 / 6
[95m================================================================[0m
[96mRound 4 摰?嚗romoted=False, best_dev=0.00, no_improve=4[0m
[96m隡啗? API calls嚗頛?0嚗敞閮?0[0m

[95m================================================================[0m
  Round 5 / 6
[95m================================================================[0m
[96mRound 5 摰?嚗romoted=False, best_dev=0.00, no_improve=5[0m
[96m隡啗? API calls嚗頛?0嚗敞閮?0[0m

[95m================================================================[0m
  Round 6 / 6
[95m================================================================[0m
[96mRound 6 摰?嚗romoted=False, best_dev=0.00, no_improve=6[0m
[96m隡啗? API calls嚗頛?0嚗敞閮?0[0m

[95m============================================================[0m
  ?瑁?瞍?蝯?
  ?????? 0
  ?雿?dev: 0.00
  隡啗? API calls: 0
  log: evolution_log.jsonl
[95m============================================================[0m
PASSED
tests/manual-goal-evolve-reignite.py::TestGoalEvolveReignite::test_actual_baseline_hash_unchanged PASSED
tests/manual-goal-evolve-reignite.py::TestGoalEvolveReignite::test_no_improve_clear_exit [95m============================================================[0m
  Prompt AutoResearch ???瑁??芸?瞍?
  max_rounds=10, smoke=24, dev=24, holdout=24
  no_improve_limit=3, same_failure_limit=5, route_every=0
  retry_after_no_improve=0
[95m============================================================[0m

[95m================================================================[0m
  Round 1 / 10
[95m================================================================[0m
[96mRound 1 摰?嚗romoted=False, best_dev=0.00, no_improve=1[0m
[96m隡啗? API calls嚗頛?0嚗敞閮?0[0m

[95m================================================================[0m
  Round 2 / 10
[95m================================================================[0m
[96mRound 2 摰?嚗romoted=False, best_dev=0.00, no_improve=2[0m
[96m隡啗? API calls嚗頛?0嚗敞閮?0[0m

[95m================================================================[0m
  Round 3 / 10
[95m================================================================[0m
[96mRound 3 摰?嚗romoted=False, best_dev=0.00, no_improve=3[0m
[96m隡啗? API calls嚗頛?0嚗敞閮?0[0m
[93m?對? ?迫璇辣閫貊嚗?? 3 頛芣??[0m

[95m============================================================[0m
  ?瑁?瞍?蝯?
  ?????? 0
  ?雿?dev: 0.00
  隡啗? API calls: 0
  log: evolution_log.jsonl
[95m============================================================[0m
PASSED
tests/manual-goal-evolve-reignite.py::TestGoalEvolveReignite::test_baseline_hash_unchanged [95m============================================================[0m
  Prompt AutoResearch ???瑁??芸?瞍?
  max_rounds=8, smoke=24, dev=24, holdout=24
  no_improve_limit=2, same_failure_limit=5, route_every=0
  retry_after_no_improve=0
[95m============================================================[0m

[95m================================================================[0m
  Round 1 / 8
[95m================================================================[0m
[96mRound 1 摰?嚗romoted=False, best_dev=0.00, no_improve=1[0m
[96m隡啗? API calls嚗頛?0嚗敞閮?0[0m

[95m================================================================[0m
  Round 2 / 8
[95m================================================================[0m
[96mRound 2 摰?嚗romoted=False, best_dev=0.00, no_improve=2[0m
[96m隡啗? API calls嚗頛?0嚗敞閮?0[0m
[93m?對? ?迫璇辣閫貊嚗?? 2 頛芣??[0m

[95m============================================================[0m
  ?瑁?瞍?蝯?
  ?????? 0
  ?雿?dev: 0.00
  隡啗? API calls: 0
  log: evolution_log.jsonl
[95m============================================================[0m
PASSED
tests/manual-goal-evolve-reignite.py::TestGoalEvolveReignite::test_reproducibility_evidence_in_convergence [95m============================================================[0m
  Prompt AutoResearch ???瑁??芸?瞍?
  max_rounds=12, smoke=24, dev=24, holdout=24
  no_improve_limit=2, same_failure_limit=5, route_every=0
  retry_after_no_improve=2
[95m============================================================[0m

[95m================================================================[0m
  Round 1 / 12
[95m================================================================[0m
[96mRound 1 摰?嚗romoted=False, best_dev=0.00, no_improve=1[0m
[96m隡啗? API calls嚗頛?0嚗敞閮?0[0m

[95m================================================================[0m
  Round 2 / 12
[95m================================================================[0m
[96mRound 2 摰?嚗romoted=False, best_dev=0.00, no_improve=2[0m
[96m隡啗? API calls嚗頛?0嚗敞閮?0[0m
[93m?? ??? 2 頛芣??嚗脣?岫璅∪?嚗?憭?2 甈∴?[0m

[95m================================================================[0m
  Round 3 / 12
[95m================================================================[0m
[96mRound 3 摰?嚗romoted=False, best_dev=0.00, no_improve=1[0m
[96m隡啗? API calls嚗頛?0嚗敞閮?0[0m

[95m================================================================[0m
  Round 4 / 12
[95m================================================================[0m
[96mRound 4 摰?嚗romoted=False, best_dev=0.00, no_improve=2[0m
[96m隡啗? API calls嚗頛?0嚗敞閮?0[0m
[93m?? ?岫 1/2 隞?孵?嚗矽?渲??唳??[0m

[95m================================================================[0m
  Round 5 / 12
[95m================================================================[0m
[96mRound 5 摰?嚗romoted=False, best_dev=0.00, no_improve=1[0m
[96m隡啗? API calls嚗頛?0嚗敞閮?0[0m

[95m================================================================[0m
  Round 6 / 12
[95m================================================================[0m
[96mRound 6 摰?嚗romoted=False, best_dev=0.00, no_improve=2[0m
[96m隡啗? API calls嚗頛?0嚗敞閮?0[0m
[93m?對? ?迫璇辣閫貊嚗?? 2 頛芣??嚗?閰?2 甈∩??⊥??[0m
[96m?嗆??勗?撌脣神?伐?docs/convergence_report_20260729_092259.json[0m

[95m============================================================[0m
  ?瑁?瞍?蝯?
  ?????? 0
  ?雿?dev: 0.00
  隡啗? API calls: 0
  log: evolution_log.jsonl
[95m============================================================[0m
PASSED
tests/manual-goal-evolve-reignite.py::TestGoalEvolveReignite::test_all_artifacts_written [95m============================================================[0m
  Prompt AutoResearch ???瑁??芸?瞍?
  max_rounds=10, smoke=24, dev=24, holdout=24
  no_improve_limit=2, same_failure_limit=5, route_every=0
  retry_after_no_improve=2
[95m============================================================[0m

[95m================================================================[0m
  Round 1 / 10
[95m================================================================[0m
[96mRound 1 摰?嚗romoted=False, best_dev=0.00, no_improve=1[0m
[96m隡啗? API calls嚗頛?0嚗敞閮?0[0m

[95m================================================================[0m
  Round 2 / 10
[95m================================================================[0m
[96mRound 2 摰?嚗romoted=False, best_dev=0.00, no_improve=2[0m
[96m隡啗? API calls嚗頛?0嚗敞閮?0[0m
[93m?? ??? 2 頛芣??嚗脣?岫璅∪?嚗?憭?2 甈∴?[0m

[95m================================================================[0m
  Round 3 / 10
[95m================================================================[0m
[96mRound 3 摰?嚗romoted=False, best_dev=0.00, no_improve=1[0m
[96m隡啗? API calls嚗頛?0嚗敞閮?0[0m

[95m================================================================[0m
  Round 4 / 10
[95m================================================================[0m
[96mRound 4 摰?嚗romoted=False, best_dev=0.00, no_improve=2[0m
[96m隡啗? API calls嚗頛?0嚗敞閮?0[0m
[93m?? ?岫 1/2 隞?孵?嚗矽?渲??唳??[0m

[95m================================================================[0m
  Round 5 / 10
[95m================================================================[0m
[96mRound 5 摰?嚗romoted=False, best_dev=0.00, no_improve=1[0m
[96m隡啗? API calls嚗頛?0嚗敞閮?0[0m

[95m================================================================[0m
  Round 6 / 10
[95m================================================================[0m
[96mRound 6 摰?嚗romoted=False, best_dev=0.00, no_improve=2[0m
[96m隡啗? API calls嚗頛?0嚗敞閮?0[0m
[93m?對? ?迫璇辣閫貊嚗?? 2 頛芣??嚗?閰?2 甈∩??⊥??[0m
[96m?嗆??勗?撌脣神?伐?docs/convergence_report_20260729_092259.json[0m

[95m============================================================[0m
  ?瑁?瞍?蝯?
  ?????? 0
  ?雿?dev: 0.00
  隡啗? API calls: 0
  log: evolution_log.jsonl
[95m============================================================[0m
PASSED
tests/manual-goal-evolve-reignite.py::TestGoalEvolveReignite::test_stop_event_records_totals_and_mode [95m============================================================[0m
  Prompt AutoResearch ???瑁??芸?瞍?
  max_rounds=8, smoke=24, dev=24, holdout=24
  no_improve_limit=2, same_failure_limit=5, route_every=0
  retry_after_no_improve=2
[95m============================================================[0m

[95m================================================================[0m
  Round 1 / 8
[95m================================================================[0m
[96mRound 1 摰?嚗romoted=False, best_dev=0.00, no_improve=1[0m
[96m隡啗? API calls嚗頛?0嚗敞閮?0[0m

[95m================================================================[0m
  Round 2 / 8
[95m================================================================[0m
[96mRound 2 摰?嚗romoted=False, best_dev=0.00, no_improve=2[0m
[96m隡啗? API calls嚗頛?0嚗敞閮?0[0m
[93m?? ??? 2 頛芣??嚗脣?岫璅∪?嚗?憭?2 甈∴?[0m

[95m================================================================[0m
  Round 3 / 8
[95m================================================================[0m
[96mRound 3 摰?嚗romoted=False, best_dev=0.00, no_improve=1[0m
[96m隡啗? API calls嚗頛?0嚗敞閮?0[0m

[95m================================================================[0m
  Round 4 / 8
[95m================================================================[0m
[96mRound 4 摰?嚗romoted=False, best_dev=0.00, no_improve=2[0m
[96m隡啗? API calls嚗頛?0嚗敞閮?0[0m
[93m?? ?岫 1/2 隞?孵?嚗矽?渲??唳??[0m

[95m================================================================[0m
  Round 5 / 8
[95m================================================================[0m
[96mRound 5 摰?嚗romoted=False, best_dev=0.00, no_improve=1[0m
[96m隡啗? API calls嚗頛?0嚗敞閮?0[0m

[95m================================================================[0m
  Round 6 / 8
[95m================================================================[0m
[96mRound 6 摰?嚗romoted=False, best_dev=0.00, no_improve=2[0m
[96m隡啗? API calls嚗頛?0嚗敞閮?0[0m
[93m?對? ?迫璇辣閫貊嚗?? 2 頛芣??嚗?閰?2 甈∩??⊥??[0m
[96m?嗆??勗?撌脣神?伐?docs/convergence_report_20260729_092259.json[0m

[95m============================================================[0m
  ?瑁?瞍?蝯?
  ?????? 0
  ?雿?dev: 0.00
  隡啗? API calls: 0
  log: evolution_log.jsonl
[95m============================================================[0m
PASSED
tests/manual-goal-evolve-reignite.py::TestGoalEvolveReignite::test_convergence_report_written_to_docs [95m============================================================[0m
  Prompt AutoResearch ???瑁??芸?瞍?
  max_rounds=10, smoke=24, dev=24, holdout=24
  no_improve_limit=2, same_failure_limit=5, route_every=0
  retry_after_no_improve=2
[95m============================================================[0m

[95m================================================================[0m
  Round 1 / 10
[95m================================================================[0m
[96mRound 1 摰?嚗romoted=False, best_dev=0.00, no_improve=1[0m
[96m隡啗? API calls嚗頛?0嚗敞閮?0[0m

[95m================================================================[0m
  Round 2 / 10
[95m================================================================[0m
[96mRound 2 摰?嚗romoted=False, best_dev=0.00, no_improve=2[0m
[96m隡啗? API calls嚗頛?0嚗敞閮?0[0m
[93m?? ??? 2 頛芣??嚗脣?岫璅∪?嚗?憭?2 甈∴?[0m

[95m================================================================[0m
  Round 3 / 10
[95m================================================================[0m
[96mRound 3 摰?嚗romoted=False, best_dev=0.00, no_improve=1[0m
[96m隡啗? API calls嚗頛?0嚗敞閮?0[0m

[95m================================================================[0m
  Round 4 / 10
[95m================================================================[0m
[96mRound 4 摰?嚗romoted=False, best_dev=0.00, no_improve=2[0m
[96m隡啗? API calls嚗頛?0嚗敞閮?0[0m
[93m?? ?岫 1/2 隞?孵?嚗矽?渲??唳??[0m

[95m================================================================[0m
  Round 5 / 10
[95m================================================================[0m
[96mRound 5 摰?嚗romoted=False, best_dev=0.00, no_improve=1[0m
[96m隡啗? API calls嚗頛?0嚗敞閮?0[0m

[95m================================================================[0m
  Round 6 / 10
[95m================================================================[0m
[96mRound 6 摰?嚗romoted=False, best_dev=0.00, no_improve=2[0m
[96m隡啗? API calls嚗頛?0嚗敞閮?0[0m
[93m?對? ?迫璇辣閫貊嚗?? 2 頛芣??嚗?閰?2 甈∩??⊥??[0m
[96m?嗆??勗?撌脣神?伐?docs/convergence_report_20260729_092300.json[0m

[95m============================================================[0m
  ?瑁?瞍?蝯?
  ?????? 0
  ?雿?dev: 0.00
  隡啗? API calls: 0
  log: evolution_log.jsonl
[95m============================================================[0m
PASSED

=============================== tests coverage ================================
_______________ coverage: platform win32, python 3.11.9-final-0 _______________

Name                                       Stmts   Miss Branch BrPart  Cover   Missing
--------------------------------------------------------------------------------------
api\__init__.py                                0      0      0      0   100%
api\continuous_optimizer.py                   82     82     16      0     0%   13-169
api\feedback.py                               85     85     36      0     0%   13-198
api\server.py                                219    219     46      0     0%   23-396
lib\__init__.py                                0      0      0      0   100%
lib\api.py                                    63     63     20      0     0%   10-114
lib\config.py                                123     99     68      0    13%   58-76, 80-84, 153-158, 162-215, 221-256, 261-270, 274-278, 282
lib\io.py                                     47     47     14      0     0%   7-80
lib\metrics.py                                13     13      2      0     0%   11-62
scripts\__init__.py                            0      0      0      0   100%
scripts\analyze_runs.py                       92     92     42      0     0%   5-138
scripts\backfill_candidate_scorecards.py      66     66     22      0     0%   12-125
scripts\collect_execution_evidence.py        153    153     40      0     0%   7-240
scripts\compare_runs.py                      159    159     56      0     0%   7-254
scripts\compare_test_runs.py                 141    141     64      0     0%   15-227
scripts\evaluate.py                          250    250     68      0     0%   6-482
scripts\evaluate_routed.py                   110    110     26      0     0%   8-176
scripts\experiment_report.py                 183    183     78      0     0%   12-308
scripts\gatekeeper.py                         82     82     48      0     0%   7-191
scripts\generate_questions.py                 21     21      8      0     0%   7-471
scripts\leaderboard.py                        43     43     18      0     0%   8-74
scripts\preflight.py                          93     93     26      0     0%   6-146
scripts\run_core_flow_e2e.py                 158    158     42      0     0%   19-442
scripts\run_test_matrix.py                    80     80     16      0     0%   4-209
scripts\verify_ci_matrix.py                   83     83     38      0     0%   4-119
scripts\verify_reproducibility.py             55     55     18      0     0%   14-120
--------------------------------------------------------------------------------------
TOTAL                                       2401   2377    812      0     1%
============================== 9 passed in 3.78s ==============================
