<?xml version="1.0" encoding="utf-8"?><testsuites name="pytest tests"><testsuite name="pytest" errors="0" failures="0" skipped="1" tests="614" time="15.262" timestamp="2026-07-19T06:34:04.001410+08:00" hostname="HPZBOOKG10-"><testcase classname="tests.test_analyze_runs.TestHelpers" name="test_list_run_dirs_no_runs" time="0.028" /><testcase classname="tests.test_analyze_runs.TestHelpers" name="test_list_run_dirs_skips_latest_and_files" time="0.019" /><testcase classname="tests.test_analyze_runs.TestHelpers" name="test_load_json_missing" time="0.013" /><testcase classname="tests.test_analyze_runs.TestHelpers" name="test_load_json_invalid" time="0.015" /><testcase classname="tests.test_analyze_runs.TestHelpers" name="test_load_json_valid" time="0.016" /><testcase classname="tests.test_analyze_runs.TestHelpers" name="test_read_details_missing" time="0.013" /><testcase classname="tests.test_analyze_runs.TestHelpers" name="test_read_details_reads_lines" time="0.021" /><testcase classname="tests.test_analyze_runs.TestHelpers" name="test_normalize" time="0.002" /><testcase classname="tests.test_analyze_runs.TestSummarizeRun" name="test_no_rows_returns_none" time="0.018" /><testcase classname="tests.test_analyze_runs.TestSummarizeRun" name="test_computed_from_details" time="0.021" /><testcase classname="tests.test_analyze_runs.TestSummarizeRun" name="test_summary_json_overrides" time="0.044" /><testcase classname="tests.test_analyze_runs.TestMain" name="test_json_output" time="0.039" /><testcase classname="tests.test_analyze_runs.TestMain" name="test_limit" time="0.036" /><testcase classname="tests.test_analyze_runs.TestMain" name="test_text_output" time="0.022" /><testcase classname="tests.test_analyze_runs.TestMain" name="test_text_output_no_runs" time="0.016" /><testcase classname="tests.test_api_feedback" name="test_load_feedback_reads_feedback_path_with_limit" time="0.002" /><testcase classname="tests.test_api_feedback" name="test_load_feedback_default_limit_is_1000" time="0.002" /><testcase classname="tests.test_api_feedback" name="test_analyze_aggregates_same_hash_and_averages" time="0.002" /><testcase classname="tests.test_api_feedback" name="test_analyze_skips_zero_count_bucket" time="0.003" /><testcase classname="tests.test_api_feedback" name="test_analyze_skips_zero_count_entry_directly" time="0.003" /><testcase classname="tests.test_api_feedback" name="test_analyze_separates_different_hashes" time="0.003" /><testcase classname="tests.test_api_feedback" name="test_analyze_rounds_averages_to_two_decimals" time="0.002" /><testcase classname="tests.test_api_feedback" name="test_analyze_empty_input_returns_empty_dict" time="0.002" /><testcase classname="tests.test_api_feedback" name="test_analyze_missing_fields_uses_defaults" time="0.002" /><testcase classname="tests.test_api_feedback" name="test_analyze_none_input_falls_back_to_load_feedback" time="0.002" /><testcase classname="tests.test_api_feedback" name="test_recent_trend_filters_old_invalid_and_missing_timestamps" time="0.002" /><testcase classname="tests.test_api_feedback" name="test_recent_trend_skips_non_string_timestamp" time="0.003" /><testcase classname="tests.test_api_feedback" name="test_weak_areas_thresholds_and_sorting" time="0.002" /><testcase classname="tests.test_api_feedback" name="test_weak_areas_empty_feedback_returns_empty_lists" time="0.002" /><testcase classname="tests.test_api_feedback" name="test_optimization_hints_maps_known_dimensions_and_skips_unknown" time="0.002" /><testcase classname="tests.test_api_feedback" name="test_optimization_hints_caps_at_top_three_each" time="0.003" /><testcase classname="tests.test_api_feedback" name="test_optimization_hints_no_weak_areas_returns_empty" time="0.002" /><testcase classname="tests.test_api_feedback" name="test_feedback_summary_structure_and_baseline_score" time="0.002" /><testcase classname="tests.test_api_feedback" name="test_feedback_summary_empty_feedback_and_missing_baseline" time="0.002" /><testcase classname="tests.test_api_server" name="test_current_prompt_success" time="0.006" /><testcase classname="tests.test_api_server" name="test_current_prompt_missing_returns_404" time="0.004" /><testcase classname="tests.test_api_server" name="test_prompt_meta_success" time="0.003" /><testcase classname="tests.test_api_server" name="test_prompt_meta_missing_returns_404" time="0.003" /><testcase classname="tests.test_api_server" name="test_baseline_success" time="0.003" /><testcase classname="tests.test_api_server" name="test_baseline_missing_returns_404" time="0.003" /><testcase classname="tests.test_api_server" name="test_route_success" time="0.003" /><testcase classname="tests.test_api_server" name="test_route_missing_returns_404" time="0.003" /><testcase classname="tests.test_api_server" name="test_list_champions_dir_missing" time="0.012" /><testcase classname="tests.test_api_server" name="test_list_champions_success" time="0.034" /><testcase classname="tests.test_api_server" name="test_get_champion_by_slug" time="0.024" /><testcase classname="tests.test_api_server" name="test_get_champion_by_chinese_type_name" time="0.026" /><testcase classname="tests.test_api_server" name="test_get_champion_not_found" time="0.023" /><testcase classname="tests.test_api_server" name="test_post_feedback_success" time="0.003" /><testcase classname="tests.test_api_server" name="test_post_feedback_empty_body_returns_400" time="0.003" /><testcase classname="tests.test_api_server" name="test_post_feedback_invalid_json_returns_400" time="0.003" /><testcase classname="tests.test_api_server" name="test_post_feedback_missing_fields_returns_400" time="0.003" /><testcase classname="tests.test_api_server" name="test_feedback_summary_module_unavailable" time="0.003" /><testcase classname="tests.test_api_server" name="test_feedback_summary_success" time="0.003" /><testcase classname="tests.test_api_server" name="test_feedback_summary_analysis_error_returns_500" time="0.003" /><testcase classname="tests.test_api_server" name="test_feedback_weak_areas_module_unavailable" time="0.004" /><testcase classname="tests.test_api_server" name="test_feedback_weak_areas_success" time="0.003" /><testcase classname="tests.test_api_server" name="test_feedback_hints_module_unavailable" time="0.003" /><testcase classname="tests.test_api_server" name="test_feedback_hints_success" time="0.003" /><testcase classname="tests.test_api_server" name="test_feedback_hints_analysis_error_returns_500" time="0.004" /><testcase classname="tests.test_api_server" name="test_optimizer_status_no_logs" time="0.014" /><testcase classname="tests.test_api_server" name="test_optimizer_status_with_logs" time="0.018" /><testcase classname="tests.test_api_server" name="test_health_check" time="0.003" /><testcase classname="tests.test_api_server" name="test_health_check_degraded" time="0.003" /><testcase classname="tests.test_api_server" name="test_get_unknown_path_returns_404" time="0.003" /><testcase classname="tests.test_api_server" name="test_post_unknown_path_returns_404" time="0.003" /><testcase classname="tests.test_api_server" name="test_trailing_slash_is_normalized" time="0.003" /><testcase classname="tests.test_api_server" name="test_options_preflight_cors_headers" time="0.003" /><testcase classname="tests.test_api_server" name="test_json_response_includes_cors_and_content_type" time="0.004" /><testcase classname="tests.test_api_server_gaps" name="test_feedback_module_import_error_degrades_to_empty" time="0.003" /><testcase classname="tests.test_api_server_gaps" name="test_feedback_weak_areas_analysis_error_returns_500" time="0.003" /><testcase classname="tests.test_api_server_gaps" name="test_main_default_args" time="0.005" /><testcase classname="tests.test_api_server_gaps" name="test_main_custom_host_port" time="0.004" /><testcase classname="tests.test_architecture_surface.ArchitectureSurfaceTests" name="test_architecture_document_summarizes_boundaries" time="0.020" /><testcase classname="tests.test_architecture_surface.ArchitectureSurfaceTests" name="test_build_architecture_snapshot_contract" time="0.005" /><testcase classname="tests.test_architecture_surface.ArchitectureSurfaceTests" name="test_experiment_report_snapshot_contract" time="0.004" /><testcase classname="tests.test_architecture_surface.ArchitectureSurfaceTests" name="test_experiment_report_snapshot_rejects_semantically_wrong_output" time="0.038" /><testcase classname="tests.test_architecture_surface.ArchitectureSurfaceTests" name="test_frontend_has_architecture_tab_contract" time="0.007" /><testcase classname="tests.test_architecture_surface.ArchitectureSurfaceTests" name="test_run_app_imports_without_starting_server" time="0.003" /><testcase classname="tests.test_assertion_guard" name="test_every_test_function_has_a_real_assertion" time="0.401" /><testcase classname="tests.test_assertion_guard" name="test_guard_detects_assertionless_test" time="0.027" /><testcase classname="tests.test_assertion_guard" name="test_guard_accepts_real_assertions" time="0.018" /><testcase classname="tests.test_backfill_candidate_scorecards.TestHelpers" name="test_sha256_text" time="0.003" /><testcase classname="tests.test_backfill_candidate_scorecards.TestHelpers" name="test_read_text_missing" time="0.013" /><testcase classname="tests.test_backfill_candidate_scorecards.TestHelpers" name="test_read_text_exists" time="0.017" /><testcase classname="tests.test_backfill_candidate_scorecards.TestHelpers" name="test_load_json_missing" time="0.015" /><testcase classname="tests.test_backfill_candidate_scorecards.TestHelpers" name="test_load_json_invalid" time="0.019" /><testcase classname="tests.test_backfill_candidate_scorecards.TestHelpers" name="test_load_json_valid" time="0.019" /><testcase classname="tests.test_backfill_candidate_scorecards.TestHelpers" name="test_parse_meta_md" time="0.018" /><testcase classname="tests.test_backfill_candidate_scorecards.TestIsCandidatePrompt" name="test_accepts_candidate_prefixes" time="0.002" /><testcase classname="tests.test_backfill_candidate_scorecards.TestIsCandidatePrompt" name="test_rejects_non_md" time="0.002" /><testcase classname="tests.test_backfill_candidate_scorecards.TestIsCandidatePrompt" name="test_rejects_meta_and_scorecard" time="0.002" /><testcase classname="tests.test_backfill_candidate_scorecards.TestIsCandidatePrompt" name="test_rejects_other_prefix" time="0.002" /><testcase classname="tests.test_backfill_candidate_scorecards.TestBuildScorecard" name="test_with_meta_md_and_json" time="0.036" /><testcase classname="tests.test_backfill_candidate_scorecards.TestBuildScorecard" name="test_without_meta" time="0.023" /><testcase classname="tests.test_backfill_candidate_scorecards.TestMain" name="test_creates_scorecards" time="0.062" /><testcase classname="tests.test_backfill_candidate_scorecards.TestMain" name="test_skips_existing" time="0.025" /><testcase classname="tests.test_backfill_candidate_scorecards.TestMain" name="test_force_overwrites" time="0.048" /><testcase classname="tests.test_backfill_candidate_scorecards.TestMain" name="test_missing_candidate_dir" time="0.015" /><testcase classname="tests.test_branch_coverage_gaps" name="test_feedback_skips_zero_count_question_type_bucket" time="0.003" /><testcase classname="tests.test_branch_coverage_gaps" name="test_call_minimax_exits_when_attempt_iterator_is_empty" time="0.004" /><testcase classname="tests.test_branch_coverage_gaps" name="test_script_stream_guards_support_streams_without_reconfigure[compare_runs]" time="0.011" /><testcase classname="tests.test_branch_coverage_gaps" name="test_script_stream_guards_support_streams_without_reconfigure[evaluate_routed]" time="0.009" /><testcase classname="tests.test_branch_coverage_gaps" name="test_script_stream_guards_support_streams_without_reconfigure[preflight]" time="0.009" /><testcase classname="tests.test_compare_runs" name="test_acceptance_mode_default" time="0.002" /><testcase classname="tests.test_compare_runs" name="test_acceptance_mode_env_and_empty" time="0.003" /><testcase classname="tests.test_compare_runs" name="test_load_details_from_dir" time="0.034" /><testcase classname="tests.test_compare_runs" name="test_load_details_direct_file" time="0.021" /><testcase classname="tests.test_compare_runs" name="test_load_details_missing" time="0.016" /><testcase classname="tests.test_compare_runs" name="test_compare_accept_with_breakthrough" time="0.030" /><testcase classname="tests.test_compare_runs" name="test_compare_accept_high_score_no_improvement" time="0.028" /><testcase classname="tests.test_compare_runs" name="test_compare_reject_all_criteria" time="0.049" /><testcase classname="tests.test_compare_runs" name="test_compare_strict_mode_risk_gate" time="0.029" /><testcase classname="tests.test_compare_runs" name="test_compare_strict_mode_pass" time="0.031" /><testcase classname="tests.test_compare_runs" name="test_compare_mode_from_env" time="0.049" /><testcase classname="tests.test_compare_runs" name="test_compare_missing_new_data_exits" time="0.025" /><testcase classname="tests.test_compare_runs" name="test_compare_missing_baseline_self_analysis" time="0.024" /><testcase classname="tests.test_compare_runs" name="test_compare_type_regression_gate" time="0.047" /><testcase classname="tests.test_compare_runs" name="test_cli_usage_error" time="0.011" /><testcase classname="tests.test_compare_runs" name="test_cli_with_mode" time="0.036" /><testcase classname="tests.test_compare_runs" name="test_cli_mode_flag_without_value" time="0.042" /><testcase classname="tests.test_compare_runs" name="test_cli_without_mode_flag_uses_env_default" time="0.038" /><testcase classname="tests.test_compare_runs" name="test_compare_base_falsy_failure_not_counted" time="0.052" /><testcase classname="tests.test_compare_runs" name="test_mutation_char_count_survives_existence_assertions" time="0.036" /><testcase classname="tests.test_compare_runs" name="test_compare_type_regression_exactly_3_points_still_accepted" time="0.033" /><testcase classname="tests.test_compare_runs" name="test_compare_pragmatic_rejects_risk_regression_below_baseline" time="0.034" /><testcase classname="tests.test_compare_runs" name="test_compare_empty_both_sides_variance_zero" time="0.024" /><testcase classname="tests.test_config_integration" name="test_invalid_env_config_reaches_consumer_as_failure_without_request" time="0.021" /><testcase classname="tests.test_config_integration" name="test_env_override_wins_over_file_at_http_consumer" time="0.043" /><testcase classname="tests.test_config_integration" name="test_missing_config_fallback_reaches_http_consumer_with_defaults" time="0.019" /><testcase classname="tests.test_config_semantic.TestExceptionMessages" name="test_numeric_type_mismatch_message_includes_key_and_repr" time="0.025" /><testcase classname="tests.test_config_semantic.TestExceptionMessages" name="test_numeric_nan_message_includes_key" time="0.023" /><testcase classname="tests.test_config_semantic.TestExceptionMessages" name="test_numeric_inf_message_includes_key" time="0.020" /><testcase classname="tests.test_config_semantic.TestExceptionMessages" name="test_negative_value_message_includes_must_be_positive" time="0.022" /><testcase classname="tests.test_config_semantic.TestExceptionMessages" name="test_zero_positive_key_message_includes_must_be_positive" time="0.023" /><testcase classname="tests.test_config_semantic.TestExceptionMessages" name="test_string_type_mismatch_message_for_url" time="0.022" /><testcase classname="tests.test_config_semantic.TestExceptionMessages" name="test_string_empty_message_for_url" time="0.024" /><testcase classname="tests.test_config_semantic.TestExceptionMessages" name="test_string_invalid_protocol_message_for_url" time="0.024" /><testcase classname="tests.test_config_semantic.TestExceptionMessages" name="test_string_empty_message_for_model" time="0.025" /><testcase classname="tests.test_config_semantic.TestExceptionMessages" name="test_env_numeric_unparseable_message_includes_env_key" time="0.020" /><testcase classname="tests.test_config_semantic.TestExceptionMessages" name="test_env_empty_string_message_includes_env_key" time="0.020" /><testcase classname="tests.test_config_semantic.TestExceptionMessages" name="test_env_empty_url_message_includes_env_key" time="0.024" /><testcase classname="tests.test_config_semantic.TestExceptionMessages" name="test_env_empty_model_message_includes_env_key" time="0.021" /><testcase classname="tests.test_config_semantic.TestFallbackValues" name="test_invalid_timeout_fallback_exact_default" time="0.021" /><testcase classname="tests.test_config_semantic.TestFallbackValues" name="test_invalid_smoke_parallel_fallback_exact_default" time="0.021" /><testcase classname="tests.test_config_semantic.TestFallbackValues" name="test_invalid_dev_parallel_fallback_exact_default" time="0.020" /><testcase classname="tests.test_config_semantic.TestFallbackValues" name="test_invalid_holdout_parallel_fallback_exact_default" time="0.022" /><testcase classname="tests.test_config_semantic.TestFallbackValues" name="test_invalid_max_candidate_length_fallback_exact_default" time="0.021" /><testcase classname="tests.test_config_semantic.TestFallbackValues" name="test_invalid_url_fallback_exact_default" time="0.022" /><testcase classname="tests.test_config_semantic.TestFallbackValues" name="test_invalid_model_fallback_exact_default" time="0.023" /><testcase classname="tests.test_config_semantic.TestFallbackValues" name="test_invalid_env_fallback_does_not_pollute_other_fields" time="0.021" /><testcase classname="tests.test_config_semantic.TestFallbackValues" name="test_invalid_env_fallback_result_passes_validate_config" time="0.023" /><testcase classname="tests.test_config_semantic.TestFallbackValues" name="test_file_invalid_fallback_exact_default" time="0.025" /><testcase classname="tests.test_config_semantic.TestFallbackValues" name="test_file_invalid_fallback_preserves_valid_file_overrides" time="0.025" /><testcase classname="tests.test_config_semantic.TestConflictPriority" name="test_defaults_used_when_no_file_no_env" time="0.021" /><testcase classname="tests.test_config_semantic.TestConflictPriority" name="test_file_overrides_defaults" time="0.024" /><testcase classname="tests.test_config_semantic.TestConflictPriority" name="test_env_overrides_file" time="0.027" /><testcase classname="tests.test_config_semantic.TestConflictPriority" name="test_env_overrides_file_overrides_defaults" time="0.029" /><testcase classname="tests.test_config_semantic.TestConflictPriority" name="test_file_overrides_defaults_for_smoke_parallel" time="0.028" /><testcase classname="tests.test_config_semantic.TestConflictPriority" name="test_env_overrides_file_for_smoke_parallel" time="0.028" /><testcase classname="tests.test_config_semantic.TestConflictPriority" name="test_file_overrides_defaults_for_url" time="0.031" /><testcase classname="tests.test_config_semantic.TestConflictPriority" name="test_env_overrides_file_for_url" time="0.027" /><testcase classname="tests.test_config_semantic.TestConflictPriority" name="test_file_partial_override_preserves_other_defaults" time="0.030" /><testcase classname="tests.test_config_semantic.TestConflictPriority" name="test_env_override_does_not_affect_unset_keys" time="0.028" /><testcase classname="tests.test_config_semantic.TestConflictPriority" name="test_non_dict_file_value_does_not_crash_and_uses_default" time="0.017" /><testcase classname="tests.test_config_special_branch" name="test_missing_config_file_falls_back_to_defaults" time="0.014" /><testcase classname="tests.test_config_special_branch" name="test_missing_env_var_falls_back_to_default" time="0.004" /><testcase classname="tests.test_config_special_branch" name="test_empty_numeric_env_var_raises_value_error" time="0.005" /><testcase classname="tests.test_config_special_branch" name="test_whitespace_numeric_env_var_raises_value_error" time="0.004" /><testcase classname="tests.test_config_special_branch" name="test_invalid_numeric_env_var_raises_value_error" time="0.006" /><testcase classname="tests.test_config_special_branch" name="test_nan_inf_env_var_raises_value_error" time="0.006" /><testcase classname="tests.test_config_special_branch" name="test_zero_or_negative_env_var_raises_value_error" time="0.005" /><testcase classname="tests.test_config_special_branch" name="test_empty_api_url_env_var_raises_value_error" time="0.004" /><testcase classname="tests.test_config_special_branch" name="test_invalid_api_url_format_env_var_raises_value_error" time="0.003" /><testcase classname="tests.test_config_special_branch" name="test_config_json_wrong_type_for_numeric_override_validated" time="0.034" /><testcase classname="tests.test_config_special_branch" name="test_valid_file_config_plus_invalid_env_var_raises" time="0.017" /><testcase classname="tests.test_config_special_branch" name="test_empty_env_var_validation_blocks_fallback" time="0.003" /><testcase classname="tests.test_continuous_optimizer" name="test_loop_waits_when_feedback_insufficient" time="0.003" /><testcase classname="tests.test_continuous_optimizer" name="test_loop_skips_round_when_no_hints" time="0.003" /><testcase classname="tests.test_continuous_optimizer" name="test_loop_runs_optimization_success" time="0.003" /><testcase classname="tests.test_continuous_optimizer" name="test_loop_reports_optimization_failure" time="0.003" /><testcase classname="tests.test_continuous_optimizer" name="test_main_analyze_only" time="0.027" /><testcase classname="tests.test_continuous_optimizer" name="test_main_default_runs_loop" time="0.006" /><testcase classname="tests.test_cross_platform.TestNormalizePath" name="test_normalize_path_consistent[a\\b\\c.txt-a/b/c.txt]" time="0.004" /><testcase classname="tests.test_cross_platform.TestNormalizePath" name="test_normalize_path_consistent[a/b/c.txt-a/b/c.txt]" time="0.003" /><testcase classname="tests.test_cross_platform.TestNormalizePath" name="test_normalize_path_consistent[lib\\\u8cc7\u6599\\\u6e2c\u8a66.py-lib/\u8cc7\u6599/\u6e2c\u8a66.py]" time="0.004" /><testcase classname="tests.test_cross_platform.TestNormalizePath" name="test_normalize_path_consistent[lib/\u8cc7\u6599/\u6e2c\u8a66.py-lib/\u8cc7\u6599/\u6e2c\u8a66.py]" time="0.003" /><testcase classname="tests.test_cross_platform.TestNormalizePath" name="test_normalize_path_consistent[single-single]" time="0.003" /><testcase classname="tests.test_cross_platform.TestNormalizePath" name="test_normalize_path_consistent[-]" time="0.002" /><testcase classname="tests.test_cross_platform.TestCrossPlatformPathRegression" name="test_normalize_windows_and_posix_separators[win-sep-simple]" time="0.003" /><testcase classname="tests.test_cross_platform.TestCrossPlatformPathRegression" name="test_normalize_windows_and_posix_separators[posix-sep-simple]" time="0.002" /><testcase classname="tests.test_cross_platform.TestCrossPlatformPathRegression" name="test_normalize_windows_and_posix_separators[win-sep-nested]" time="0.002" /><testcase classname="tests.test_cross_platform.TestCrossPlatformPathRegression" name="test_normalize_windows_and_posix_separators[posix-sep-nested]" time="0.002" /><testcase classname="tests.test_cross_platform.TestCrossPlatformPathRegression" name="test_normalize_windows_and_posix_separators[mixed-seps]" time="0.002" /><testcase classname="tests.test_cross_platform.TestCrossPlatformPathRegression" name="test_normalize_windows_and_posix_separators[win-trailing]" time="0.003" /><testcase classname="tests.test_cross_platform.TestCrossPlatformPathRegression" name="test_normalize_windows_and_posix_separators[posix-trailing]" time="0.003" /><testcase classname="tests.test_cross_platform.TestCrossPlatformPathRegression" name="test_normalize_absolute_paths[win-drive]" time="0.003" /><testcase classname="tests.test_cross_platform.TestCrossPlatformPathRegression" name="test_normalize_absolute_paths[win-drive-nonascii]" time="0.003" /><testcase classname="tests.test_cross_platform.TestCrossPlatformPathRegression" name="test_normalize_absolute_paths[win-drive-spaces]" time="0.003" /><testcase classname="tests.test_cross_platform.TestCrossPlatformPathRegression" name="test_normalize_absolute_paths[posix-abs]" time="0.003" /><testcase classname="tests.test_cross_platform.TestCrossPlatformPathRegression" name="test_normalize_absolute_paths[posix-abs-nonascii-space]" time="0.003" /><testcase classname="tests.test_cross_platform.TestCrossPlatformPathRegression" name="test_normalize_absolute_paths[win-unc]" time="0.003" /><testcase classname="tests.test_cross_platform.TestCrossPlatformPathRegression" name="test_normalize_relative_paths[dot-posix]" time="0.003" /><testcase classname="tests.test_cross_platform.TestCrossPlatformPathRegression" name="test_normalize_relative_paths[dot-win]" time="0.003" /><testcase classname="tests.test_cross_platform.TestCrossPlatformPathRegression" name="test_normalize_relative_paths[dotdot-posix]" time="0.003" /><testcase classname="tests.test_cross_platform.TestCrossPlatformPathRegression" name="test_normalize_relative_paths[dotdot-win]" time="0.003" /><testcase classname="tests.test_cross_platform.TestCrossPlatformPathRegression" name="test_normalize_relative_paths[plain-rel-posix]" time="0.003" /><testcase classname="tests.test_cross_platform.TestCrossPlatformPathRegression" name="test_normalize_relative_paths[plain-rel-win]" time="0.003" /><testcase classname="tests.test_cross_platform.TestCrossPlatformPathRegression" name="test_normalize_relative_paths[rel-space-filename]" time="0.002" /><testcase classname="tests.test_cross_platform.TestCrossPlatformPathRegression" name="test_normalize_paths_with_spaces[space-filename]" time="0.003" /><testcase classname="tests.test_cross_platform.TestCrossPlatformPathRegression" name="test_normalize_paths_with_spaces[space-posix]" time="0.003" /><testcase classname="tests.test_cross_platform.TestCrossPlatformPathRegression" name="test_normalize_paths_with_spaces[space-win]" time="0.003" /><testcase classname="tests.test_cross_platform.TestCrossPlatformPathRegression" name="test_normalize_paths_with_spaces[leading-space-dir]" time="0.002" /><testcase classname="tests.test_cross_platform.TestCrossPlatformPathRegression" name="test_normalize_paths_with_spaces[multi-spaces]" time="0.002" /><testcase classname="tests.test_cross_platform.TestCrossPlatformPathRegression" name="test_normalize_paths_with_spaces[abs-win-spaces]" time="0.003" /><testcase classname="tests.test_cross_platform.TestCrossPlatformPathRegression" name="test_normalize_non_ascii_paths[cjk-posix]" time="0.003" /><testcase classname="tests.test_cross_platform.TestCrossPlatformPathRegression" name="test_normalize_non_ascii_paths[cjk-win]" time="0.003" /><testcase classname="tests.test_cross_platform.TestCrossPlatformPathRegression" name="test_normalize_non_ascii_paths[jp]" time="0.003" /><testcase classname="tests.test_cross_platform.TestCrossPlatformPathRegression" name="test_normalize_non_ascii_paths[kr]" time="0.003" /><testcase classname="tests.test_cross_platform.TestCrossPlatformPathRegression" name="test_normalize_non_ascii_paths[emoji]" time="0.003" /><testcase classname="tests.test_cross_platform.TestCrossPlatformPathRegression" name="test_normalize_non_ascii_paths[cjk-space-win]" time="0.003" /><testcase classname="tests.test_cross_platform.TestCrossPlatformPathRegression" name="test_normalize_non_ascii_paths[cjk-space-posix-abs]" time="0.003" /><testcase classname="tests.test_cross_platform.TestCrossPlatformPathRegression" name="test_io_round_trip_relative_path_with_spaces_and_non_ascii" time="0.020" /><testcase classname="tests.test_cross_platform.TestCrossPlatformPathRegression" name="test_io_round_trip_absolute_path_with_spaces_and_non_ascii" time="0.037" /><testcase classname="tests.test_cross_platform.TestCrossPlatformPathRegression" name="test_io_with_platform_path_forms_spaces_and_non_ascii[posix]" time="0.022" /><testcase classname="tests.test_cross_platform.TestCrossPlatformPathRegression" name="test_io_with_platform_path_forms_spaces_and_non_ascii[windows]" time="0.024" /><testcase classname="tests.test_cross_platform.TestCrossPlatformPathRegression" name="test_jsonl_path_with_spaces" time="0.044" /><testcase classname="tests.test_cross_platform.TestCrossPlatformPathRegression" name="test_ensure_dir_spaces_and_non_ascii" time="0.022" /><testcase classname="tests.test_cross_platform.TestFileIORoundTrip" name="test_load_write_file_unicode_round_trip" time="0.019" /><testcase classname="tests.test_cross_platform.TestFileIORoundTrip" name="test_load_file_strips_whitespace" time="0.017" /><testcase classname="tests.test_cross_platform.TestFileIORoundTrip" name="test_load_file_missing_returns_default" time="0.014" /><testcase classname="tests.test_cross_platform.TestFileIORoundTrip" name="test_sha256_text_cross_platform" time="0.002" /><testcase classname="tests.test_cross_platform.TestFileIORoundTrip" name="test_write_load_json_unicode_round_trip" time="0.019" /><testcase classname="tests.test_cross_platform.TestFileIORoundTrip" name="test_json_file_is_valid_utf8" time="0.018" /><testcase classname="tests.test_cross_platform.TestFileIORoundTrip" name="test_platform_path_forms_have_same_unicode_round_trip[posix]" time="0.023" /><testcase classname="tests.test_cross_platform.TestFileIORoundTrip" name="test_platform_path_forms_have_same_unicode_round_trip[windows]" time="0.026" /><testcase classname="tests.test_cross_platform.TestFileIORoundTrip" name="test_platform_path_newline_and_utf8_have_same_output[posix-lf]" time="0.025" /><testcase classname="tests.test_cross_platform.TestFileIORoundTrip" name="test_platform_path_newline_and_utf8_have_same_output[windows-crlf]" time="0.020" /><testcase classname="tests.test_cross_platform.TestFileIORoundTrip" name="test_platform_path_write_error_has_same_exception_type[posix]" time="0.016" /><testcase classname="tests.test_cross_platform.TestFileIORoundTrip" name="test_platform_path_write_error_has_same_exception_type[windows]" time="0.017" /><testcase classname="tests.test_cross_platform.TestJSONLRoundTrip" name="test_jsonl_round_trip_unicode" time="0.025" /><testcase classname="tests.test_cross_platform.TestJSONLRoundTrip" name="test_jsonl_limit" time="0.032" /><testcase classname="tests.test_cross_platform.TestJSONLRoundTrip" name="test_jsonl_missing_file_returns_empty" time="0.013" /><testcase classname="tests.test_cross_platform.TestProtectedFilePathHandling" name="test_protected_core_files_detected[lib/config.py]" time="0.002" /><testcase classname="tests.test_cross_platform.TestProtectedFilePathHandling" name="test_protected_core_files_detected[lib\\config.py]" time="0.002" /><testcase classname="tests.test_cross_platform.TestProtectedFilePathHandling" name="test_protected_core_files_detected[api/server.py]" time="0.002" /><testcase classname="tests.test_cross_platform.TestProtectedFilePathHandling" name="test_protected_core_files_detected[api\\server.py]" time="0.002" /><testcase classname="tests.test_cross_platform.TestProtectedFilePathHandling" name="test_non_protected_files_rejected[tests/test_x.py]" time="0.002" /><testcase classname="tests.test_cross_platform.TestProtectedFilePathHandling" name="test_non_protected_files_rejected[tests\\test_x.py]" time="0.002" /><testcase classname="tests.test_cross_platform.TestProtectedFilePathHandling" name="test_non_protected_files_rejected[docs/readme.md]" time="0.003" /><testcase classname="tests.test_cross_platform.TestProtectedFilePathHandling" name="test_non_protected_files_rejected[lib/config.py.bak]" time="0.002" /><testcase classname="tests.test_cross_platform.TestProtectedFilePathHandling" name="test_non_protected_files_rejected[]" time="0.002" /><testcase classname="tests.test_cross_platform.TestGatekeeperCrossPlatform" name="test_valid_prompt_exits_zero" time="0.043" /><testcase classname="tests.test_cross_platform.TestGatekeeperCrossPlatform" name="test_rejected_prompt_exits_one" time="0.030" /><testcase classname="tests.test_cross_platform.TestGatekeeperCrossPlatform" name="test_missing_file_exits_one" time="0.023" /><testcase classname="tests.test_cross_platform.TestGatekeeperCrossPlatform" name="test_no_args_exits_one" time="0.018" /><testcase classname="tests.test_cross_platform.TestConfigPathResolution" name="test_config_path_resolves_to_project_root" time="0.002" /><testcase classname="tests.test_cross_platform.TestConfigPathResolution" name="test_config_defaults_are_valid" time="0.002" /><testcase classname="tests.test_cross_platform.TestLineEndingConsistency" name="test_load_file_crlf_and_lf_identical" time="0.023" /><testcase classname="tests.test_cross_platform.TestLineEndingConsistency" name="test_jsonl_mixed_line_endings" time="0.031" /><testcase classname="tests.test_cross_platform.TestEnsureDir" name="test_ensure_dir_creates_nested" time="0.019" /><testcase classname="tests.test_cross_platform.TestEnsureDir" name="test_ensure_dir_idempotent" time="0.018" /><testcase classname="tests.test_evaluate" name="test_parse_judge_json_fenced" time="0.003" /><testcase classname="tests.test_evaluate" name="test_parse_judge_json_bare" time="0.002" /><testcase classname="tests.test_evaluate" name="test_parse_judge_json_embedded_in_prose" time="0.002" /><testcase classname="tests.test_evaluate" name="test_parse_judge_json_invalid_raises" time="0.002" /><testcase classname="tests.test_evaluate" name="test_cache_path_structure" time="0.002" /><testcase classname="tests.test_evaluate" name="test_load_cached_result_missing" time="0.015" /><testcase classname="tests.test_evaluate" name="test_save_and_load_cached_result" time="0.028" /><testcase classname="tests.test_evaluate" name="test_load_cached_result_corrupt" time="0.026" /><testcase classname="tests.test_evaluate" name="test_esq_cache_hit" time="0.027" /><testcase classname="tests.test_evaluate" name="test_esq_answer_generation_failure" time="0.016" /><testcase classname="tests.test_evaluate" name="test_esq_success" time="0.025" /><testcase classname="tests.test_evaluate" name="test_esq_call_minimax_invocation_contract" time="0.023" /><testcase classname="tests.test_evaluate" name="test_esq_judge_retry_then_success" time="0.022" /><testcase classname="tests.test_evaluate" name="test_esq_judge_fails_both_attempts" time="0.017" /><testcase classname="tests.test_evaluate" name="test_run_evaluation_missing_prompt" time="0.015" /><testcase classname="tests.test_evaluate" name="test_run_evaluation_missing_question_file" time="0.022" /><testcase classname="tests.test_evaluate" name="test_run_evaluation_normal" time="0.030" /><testcase classname="tests.test_evaluate" name="test_run_evaluation_worker_exception" time="0.034" /><testcase classname="tests.test_evaluate" name="test_run_evaluation_early_stop" time="0.029" /><testcase classname="tests.test_evaluate" name="test_run_evaluation_early_stop_not_triggered_when_score_high" time="0.030" /><testcase classname="tests.test_evaluate" name="test_calculate_statistics_empty" time="0.002" /><testcase classname="tests.test_evaluate" name="test_calculate_statistics_full" time="0.021" /><testcase classname="tests.test_evaluate" name="test_save_run_results" time="0.066" /><testcase classname="tests.test_evaluate" name="test_save_run_results_collision_and_no_failures" time="0.059" /><testcase classname="tests.test_evaluate" name="test_main_too_few_args" time="0.003" /><testcase classname="tests.test_evaluate" name="test_main_with_flags" time="0.003" /><testcase classname="tests.test_evaluate" name="test_main_defaults_and_bad_flag_values" time="0.004" /><testcase classname="tests.test_evaluate" name="test_main_without_flags_uses_defaults" time="0.003" /><testcase classname="tests.test_evaluate_routed" name="test_load_json" time="0.018" /><testcase classname="tests.test_evaluate_routed" name="test_load_questions_skips_blank_lines" time="0.020" /><testcase classname="tests.test_evaluate_routed" name="test_resolve_prompt_by_type_and_default" time="0.016" /><testcase classname="tests.test_evaluate_routed" name="test_resolve_prompt_no_route_raises" time="0.013" /><testcase classname="tests.test_evaluate_routed" name="test_resolve_prompt_empty_file_raises" time="0.013" /><testcase classname="tests.test_evaluate_routed" name="test_route_hash_deterministic_and_sensitive" time="0.015" /><testcase classname="tests.test_evaluate_routed" name="test_calculate_route_usage" time="0.002" /><testcase classname="tests.test_evaluate_routed" name="test_run_routed_evaluation_success" time="0.042" /><testcase classname="tests.test_evaluate_routed" name="test_run_routed_evaluation_worker_exception" time="0.041" /><testcase classname="tests.test_evaluate_routed" name="test_run_routed_evaluation_empty_questions_raises" time="0.023" /><testcase classname="tests.test_evaluate_routed" name="test_main_usage_exit" time="0.021" /><testcase classname="tests.test_evaluate_routed" name="test_main_bad_parallel_exit" time="0.024" /><testcase classname="tests.test_evaluate_routed" name="test_main_success_path" time="0.059" /><testcase classname="tests.test_evaluate_routed" name="test_main_without_parallel_defaults_to_24" time="0.043" /><testcase classname="tests.test_evaluate_routed" name="test_main_parallel_flag_zero_value" time="0.042" /><testcase classname="tests.test_experiment_report" name="test_load_json_missing_and_present" time="0.035" /><testcase classname="tests.test_experiment_report" name="test_read_text_missing_and_present" time="0.019" /><testcase classname="tests.test_experiment_report" name="test_dataset_name[data/smoke_q.jsonl-smoke]" time="0.003" /><testcase classname="tests.test_experiment_report" name="test_dataset_name[DEV_questions.jsonl-dev]" time="0.003" /><testcase classname="tests.test_experiment_report" name="test_dataset_name[holdout.jsonl-holdout]" time="0.003" /><testcase classname="tests.test_experiment_report" name="test_dataset_name[final_set.jsonl-final]" time="0.003" /><testcase classname="tests.test_experiment_report" name="test_dataset_name[other.jsonl-unknown]" time="0.003" /><testcase classname="tests.test_experiment_report" name="test_dataset_name[-unknown]" time="0.002" /><testcase classname="tests.test_experiment_report" name="test_dataset_name[None-unknown]" time="0.003" /><testcase classname="tests.test_experiment_report" name="test_parse_decision" time="0.002" /><testcase classname="tests.test_experiment_report" name="test_format_table" time="0.002" /><testcase classname="tests.test_experiment_report" name="test_best_worst_type" time="0.003" /><testcase classname="tests.test_experiment_report" name="test_gate_notes_all_and_none" time="0.002" /><testcase classname="tests.test_experiment_report" name="test_top_rows_sorts_and_limits" time="0.002" /><testcase classname="tests.test_experiment_report" name="test_collect_decisions" time="0.002" /><testcase classname="tests.test_experiment_report" name="test_collect_failure_trends" time="0.002" /><testcase classname="tests.test_experiment_report" name="test_list_runs_no_dir" time="0.014" /><testcase classname="tests.test_experiment_report" name="test_list_runs_filters_and_parses" time="0.059" /><testcase classname="tests.test_experiment_report" name="test_list_runs_handles_null_fields" time="0.025" /><testcase classname="tests.test_experiment_report" name="test_build_report_empty" time="0.016" /><testcase classname="tests.test_experiment_report" name="test_build_report_full" time="0.078" /><testcase classname="tests.test_experiment_report" name="test_main_stdout_only" time="0.027" /><testcase classname="tests.test_experiment_report" name="test_main_with_out_and_limit" time="0.051" /><testcase classname="tests.test_gatekeeper" name="test_semantic_check_hits_equivalent_expression" time="0.028" /><testcase classname="tests.test_gatekeeper" name="test_semantic_check_fails_without_equivalent_or_context_mismatch" time="0.035" /><testcase classname="tests.test_gatekeeper" name="test_gatekeeper_import_side_effect_is_isolated_by_tmp_cwd" time="0.021" /><testcase classname="tests.test_gatekeeper" name="test_gatekeeper_hard_rules_matrix[R01_LENGTH_REJECT-\u9577\u5ea6\u8d85\u904e700\u5b57\u4e0a\u9650\uff08Reject\uff09-\u4f60\u662f\u95b1\u5377\u59d4\u54e1\u517c\u8003\u5b98\uff0c\u5177\u5099\u6cd5\u5b78\u5224\u65b7\u80fd\u529b\u3002\u7b54\u6848\u9700\u4ee5\u6cd5\u7406\u8207\u6cd5\u5f8b\u6848\u4f8b\u984c\u6e05\u695a\u5340\u5206\uff0c\u5148\u5efa\u7acb\u6bd4\u8f03\u57fa\u6e96\uff1a\u6cd5\u689d\u9069\u7528\u3001\u4e8b\u5be6\u6bd4\u5c0d\u8207\u8981\u4ef6\u5c0d\u7167\u3002\u8655\u7406\u6cd5\u5f8b\u984c\u6642\uff0c\u4f7f\u7528\u4e09\u6bb5\u8ad6\uff08\u5927\u524d\u63d0\u8207\u5c0f\u524d\u63d0\uff09\u5b8c\u6210\u63a8\u7406\u3002\u4e0d\u5f97\u53cd\u554f\u3001\u4e0d\u5f97\u7de8\u9020\uff0c\u4e26\u8981\u76f4\u63a5\u8f38\u51fa\u6b63\u6587\uff0c\u4e0d\u8981\u8f38\u51fa\u5197\u9577\u524d\u8a00\u8207\u5206\u6790\u904e\u7a0b\u3002\u6b64\u984c\u4ee5\u7c21\u660e\u8a9e\u53e5\u56de\u61c9\u3002\u88dc\u5145\u5b8c\u6574\u6027\u8aaa\u660e\uff0c\u8acb\u4fdd\u7559\u6bcf\u6b65\u5224\u65b7\u8207\u63a8\u7406\u7d30\u7bc0\uff1b\u88dc\u5145\u5b8c\u6574\u6027\u8aaa\u660e\uff0c\u8acb\u4fdd\u7559\u6bcf\u6b65\u5224\u65b7\u8207\u63a8\u7406\u7d30\u7bc0\uff1b\u88dc\u5145\u5b8c\u6574\u6027\u8aaa\u660e\uff0c\u8acb\u4fdd\u7559\u6bcf\u6b65\u5224\u65b7\u8207\u63a8\u7406\u7d30\u7bc0\uff1b\u88dc\u5145\u5b8c\u6574\u6027\u8aaa\u660e\uff0c\u8acb\u4fdd\u7559\u6bcf\u6b65\u5224\u65b7\u8207\u63a8\u7406\u7d30\u7bc0\uff1b\u88dc\u5145\u5b8c\u6574\u6027\u8aaa\u660e\uff0c\u8acb\u4fdd\u7559\u6bcf\u6b65\u5224\u65b7\u8207\u63a8\u7406\u7d30\u7bc0\uff1b\u88dc\u5145\u5b8c\u6574\u6027\u8aaa\u660e\uff0c\u8acb\u4fdd\u7559\u6bcf\u6b65\u5224\u65b7\u8207\u63a8\u7406\u7d30\u7bc0\uff1b\u88dc\u5145\u5b8c\u6574\u6027\u8aaa\u660e\uff0c\u8acb\u4fdd\u7559\u6bcf\u6b65\u5224\u65b7\u8207\u63a8\u7406\u7d30\u7bc0\uff1b\u88dc\u5145\u5b8c\u6574\u6027\u8aaa\u660e\uff0c\u8acb\u4fdd\u7559\u6bcf\u6b65\u5224\u65b7\u8207\u63a8\u7406\u7d30\u7bc0\uff1b\u88dc\u5145\u5b8c\u6574\u6027\u8aaa\u660e\uff0c\u8acb\u4fdd\u7559\u6bcf\u6b65\u5224\u65b7\u8207\u63a8\u7406\u7d30\u7bc0\uff1b\u88dc\u5145\u5b8c\u6574\u6027\u8aaa\u660e\uff0c\u8acb\u4fdd\u7559\u6bcf\u6b65\u5224\u65b7\u8207\u63a8\u7406\u7d30\u7bc0\uff1b\u88dc\u5145\u5b8c\u6574\u6027\u8aaa\u660e\uff0c\u8acb\u4fdd\u7559\u6bcf\u6b65\u5224\u65b7\u8207\u63a8\u7406\u7d30\u7bc0\uff1b\u88dc\u5145\u5b8c\u6574\u6027\u8aaa\u660e\uff0c\u8acb\u4fdd\u7559\u6bcf\u6b65\u5224\u65b7\u8207\u63a8\u7406\u7d30\u7bc0\uff1b\u88dc\u5145\u5b8c\u6574\u6027\u8aaa\u660e\uff0c\u8acb\u4fdd\u7559\u6bcf\u6b65\u5224\u65b7\u8207\u63a8\u7406\u7d30\u7bc0\uff1b\u88dc\u5145\u5b8c\u6574\u6027\u8aaa\u660e\uff0c\u8acb\u4fdd\u7559\u6bcf\u6b65\u5224\u65b7\u8207\u63a8\u7406\u7d30\u7bc0\uff1b\u88dc\u5145\u5b8c\u6574\u6027\u8aaa\u660e\uff0c\u8acb\u4fdd\u7559\u6bcf\u6b65\u5224\u65b7\u8207\u63a8\u7406\u7d30\u7bc0\uff1b\u88dc\u5145\u5b8c\u6574\u6027\u8aaa\u660e\uff0c\u8acb\u4fdd\u7559\u6bcf\u6b65\u5224\u65b7\u8207\u63a8\u7406\u7d30\u7bc0\uff1b\u88dc\u5145\u5b8c\u6574\u6027\u8aaa\u660e\uff0c\u8acb\u4fdd\u7559\u6bcf\u6b65\u5224\u65b7\u8207\u63a8\u7406\u7d30\u7bc0\uff1b\u88dc\u5145\u5b8c\u6574\u6027\u8aaa\u660e\uff0c\u8acb\u4fdd\u7559\u6bcf\u6b65\u5224\u65b7\u8207\u63a8\u7406\u7d30\u7bc0\uff1b\u88dc\u5145\u5b8c\u6574\u6027\u8aaa\u660e\uff0c\u8acb\u4fdd\u7559\u6bcf\u6b65\u5224\u65b7\u8207\u63a8\u7406\u7d30\u7bc0\uff1b\u88dc\u5145\u5b8c\u6574\u6027\u8aaa\u660e\uff0c\u8acb\u4fdd\u7559\u6bcf\u6b65\u5224\u65b7\u8207\u63a8\u7406\u7d30\u7bc0\uff1b\u88dc\u5145\u5b8c\u6574\u6027\u8aaa\u660e\uff0c\u8acb\u4fdd\u7559\u6bcf\u6b65\u5224\u65b7\u8207\u63a8\u7406\u7d30\u7bc0\uff1b\u88dc\u5145\u5b8c\u6574\u6027\u8aaa\u660e\uff0c\u8acb\u4fdd\u7559\u6bcf\u6b65\u5224\u65b7\u8207\u63a8\u7406\u7d30\u7bc0\uff1b\u88dc\u5145\u5b8c\u6574\u6027\u8aaa\u660e\uff0c\u8acb\u4fdd\u7559\u6bcf\u6b65\u5224\u65b7\u8207\u63a8\u7406\u7d30\u7bc0\uff1b\u88dc\u5145\u5b8c\u6574\u6027\u8aaa\u660e\uff0c\u8acb\u4fdd\u7559\u6bcf\u6b65\u5224\u65b7\u8207\u63a8\u7406\u7d30\u7bc0\uff1b\u88dc\u5145\u5b8c\u6574\u6027\u8aaa\u660e\uff0c\u8acb\u4fdd\u7559\u6bcf\u6b65\u5224\u65b7\u8207\u63a8\u7406\u7d30\u7bc0\uff1b\u88dc\u5145\u5b8c\u6574\u6027\u8aaa\u660e\uff0c\u8acb\u4fdd\u7559\u6bcf\u6b65\u5224\u65b7\u8207\u63a8\u7406\u7d30\u7bc0\uff1b\u88dc\u5145\u5b8c\u6574\u6027\u8aaa\u660e\uff0c\u8acb\u4fdd\u7559\u6bcf\u6b65\u5224\u65b7\u8207\u63a8\u7406\u7d30\u7bc0\uff1b\u88dc\u5145\u5b8c\u6574\u6027\u8aaa\u660e\uff0c\u8acb\u4fdd\u7559\u6bcf\u6b65\u5224\u65b7\u8207\u63a8\u7406\u7d30\u7bc0\uff1b\u88dc\u5145\u5b8c\u6574\u6027\u8aaa\u660e\uff0c\u8acb\u4fdd\u7559\u6bcf\u6b65\u5224\u65b7\u8207\u63a8\u7406\u7d30\u7bc0\uff1b\u88dc\u5145\u5b8c\u6574\u6027\u8aaa\u660e\uff0c\u8acb\u4fdd\u7559\u6bcf\u6b65\u5224\u65b7\u8207\u63a8\u7406\u7d30\u7bc0\uff1b\u88dc\u5145\u5b8c\u6574\u6027\u8aaa\u660e\uff0c\u8acb\u4fdd\u7559\u6bcf\u6b65\u5224\u65b7\u8207\u63a8\u7406\u7d30\u7bc0\uff1b\u88dc\u5145\u5b8c\u6574\u6027\u8aaa\u660e\uff0c\u8acb\u4fdd\u7559\u6bcf\u6b65\u5224\u65b7\u8207\u63a8\u7406\u7d30\u7bc0\uff1b\u88dc\u5145\u5b8c\u6574\u6027\u8aaa\u660e\uff0c\u8acb\u4fdd\u7559\u6bcf\u6b65\u5224\u65b7\u8207\u63a8\u7406\u7d30\u7bc0\uff1b\u88dc\u5145\u5b8c\u6574\u6027\u8aaa\u660e\uff0c\u8acb\u4fdd\u7559\u6bcf\u6b65\u5224\u65b7\u8207\u63a8\u7406\u7d30\u7bc0\uff1b\u88dc\u5145\u5b8c\u6574\u6027\u8aaa\u660e\uff0c\u8acb\u4fdd\u7559\u6bcf\u6b65\u5224\u65b7\u8207\u63a8\u7406\u7d30\u7bc0\uff1b\u88dc\u5145\u5b8c\u6574\u6027\u8aaa\u660e\uff0c\u8acb\u4fdd\u7559\u6bcf\u6b65\u5224\u65b7\u8207\u63a8\u7406\u7d30\u7bc0\uff1b\u88dc\u5145\u5b8c\u6574\u6027\u8aaa\u660e\uff0c\u8acb\u4fdd\u7559\u6bcf\u6b65\u5224\u65b7\u8207\u63a8\u7406\u7d30\u7bc0\uff1b\u88dc\u5145\u5b8c\u6574\u6027\u8aaa\u660e\uff0c\u8acb\u4fdd\u7559\u6bcf\u6b65\u5224\u65b7\u8207\u63a8\u7406\u7d30\u7bc0\uff1b\u88dc\u5145\u5b8c\u6574\u6027\u8aaa\u660e\uff0c\u8acb\u4fdd\u7559\u6bcf\u6b65\u5224\u65b7\u8207\u63a8\u7406\u7d30\u7bc0\uff1b\u88dc\u5145\u5b8c\u6574\u6027\u8aaa\u660e\uff0c\u8acb\u4fdd\u7559\u6bcf\u6b65\u5224\u65b7\u8207\u63a8\u7406\u7d30\u7bc0\uff1b\u88dc\u5145\u5b8c\u6574\u6027\u8aaa\u660e\uff0c\u8acb\u4fdd\u7559\u6bcf\u6b65\u5224\u65b7\u8207\u63a8\u7406\u7d30\u7bc0\uff1b\u88dc\u5145\u5b8c\u6574\u6027\u8aaa\u660e\uff0c\u8acb\u4fdd\u7559\u6bcf\u6b65\u5224\u65b7\u8207\u63a8\u7406\u7d30\u7bc0\uff1b\u88dc\u5145\u5b8c\u6574\u6027\u8aaa\u660e\uff0c\u8acb\u4fdd\u7559\u6bcf\u6b65\u5224\u65b7\u8207\u63a8\u7406\u7d30\u7bc0\uff1b\u88dc\u5145\u5b8c\u6574\u6027\u8aaa\u660e\uff0c\u8acb\u4fdd\u7559\u6bcf\u6b65\u5224\u65b7\u8207\u63a8\u7406\u7d30\u7bc0\uff1b\u88dc\u5145\u5b8c\u6574\u6027\u8aaa\u660e\uff0c\u8acb\u4fdd\u7559\u6bcf\u6b65\u5224\u65b7\u8207\u63a8\u7406\u7d30\u7bc0\uff1b\u88dc\u5145\u5b8c\u6574\u6027\u8aaa\u660e\uff0c\u8acb\u4fdd\u7559\u6bcf\u6b65\u5224\u65b7\u8207\u63a8\u7406\u7d30\u7bc0\uff1b\u88dc\u5145\u5b8c\u6574\u6027\u8aaa\u660e\uff0c\u8acb\u4fdd\u7559\u6bcf\u6b65\u5224\u65b7\u8207\u63a8\u7406\u7d30\u7bc0\uff1b\u88dc\u5145\u5b8c\u6574\u6027\u8aaa\u660e\uff0c\u8acb\u4fdd\u7559\u6bcf\u6b65\u5224\u65b7\u8207\u63a8\u7406\u7d30\u7bc0\uff1b\u88dc\u5145\u5b8c\u6574\u6027\u8aaa\u660e\uff0c\u8acb\u4fdd\u7559\u6bcf\u6b65\u5224\u65b7\u8207\u63a8\u7406\u7d30\u7bc0\uff1b\u88dc\u5145\u5b8c\u6574\u6027\u8aaa\u660e\uff0c\u8acb\u4fdd\u7559\u6bcf\u6b65\u5224\u65b7\u8207\u63a8\u7406\u7d30\u7bc0\uff1b-False-1-True-reject-\u8d85\u904e 700 \u5b57\u786c\u6027\u4e0a\u9650]" time="0.031" /><testcase classname="tests.test_gatekeeper" name="test_gatekeeper_hard_rules_matrix[R01_LENGTH_REJECT-\u9577\u5ea6\u4e0d\u8d85\u6a19\uff08No trigger\uff09-\u4f60\u662f\u95b1\u5377\u59d4\u54e1\u517c\u8003\u5b98\uff0c\u5177\u5099\u6cd5\u5b78\u5224\u65b7\u80fd\u529b\u3002\u7b54\u6848\u9700\u4ee5\u6cd5\u7406\u8207\u6cd5\u5f8b\u6848\u4f8b\u984c\u6e05\u695a\u5340\u5206\uff0c\u5148\u5efa\u7acb\u6bd4\u8f03\u57fa\u6e96\uff1a\u6cd5\u689d\u9069\u7528\u3001\u4e8b\u5be6\u6bd4\u5c0d\u8207\u8981\u4ef6\u5c0d\u7167\u3002\u8655\u7406\u6cd5\u5f8b\u984c\u6642\uff0c\u4f7f\u7528\u4e09\u6bb5\u8ad6\uff08\u5927\u524d\u63d0\u8207\u5c0f\u524d\u63d0\uff09\u5b8c\u6210\u63a8\u7406\u3002\u4e0d\u5f97\u53cd\u554f\u3001\u4e0d\u5f97\u7de8\u9020\uff0c\u4e26\u8981\u76f4\u63a5\u8f38\u51fa\u6b63\u6587\uff0c\u4e0d\u8981\u8f38\u51fa\u5197\u9577\u524d\u8a00\u8207\u5206\u6790\u904e\u7a0b\u3002\u6b64\u984c\u4ee5\u7c21\u660e\u8a9e\u53e5\u56de\u61c9\u3002-True-0-False-None-None]" time="0.027" /><testcase classname="tests.test_gatekeeper" name="test_gatekeeper_hard_rules_matrix[R02_ANALYSIS_LEAK-\u8981\u6c42\u5148\u5206\u6790\u984c\u578b\uff08Reject\uff09-\u4f60\u662f\u95b1\u5377\u59d4\u54e1\u517c\u8003\u5b98\uff0c\u5177\u5099\u6cd5\u5b78\u5224\u65b7\u80fd\u529b\u3002\u7b54\u6848\u9700\u4ee5\u6cd5\u7406\u8207\u6cd5\u5f8b\u6848\u4f8b\u984c\u6e05\u695a\u5340\u5206\uff0c\u5148\u5efa\u7acb\u6bd4\u8f03\u57fa\u6e96\uff1a\u6cd5\u689d\u9069\u7528\u3001\u4e8b\u5be6\u6bd4\u5c0d\u8207\u8981\u4ef6\u5c0d\u7167\u3002\u8655\u7406\u6cd5\u5f8b\u984c\u6642\uff0c\u4f7f\u7528\u4e09\u6bb5\u8ad6\uff08\u5927\u524d\u63d0\u8207\u5c0f\u524d\u63d0\uff09\u5b8c\u6210\u63a8\u7406\u3002\u4e0d\u5f97\u53cd\u554f\u3001\u4e0d\u5f97\u7de8\u9020\uff0c\u4e26\u8981\u76f4\u63a5\u8f38\u51fa\u6b63\u6587\uff0c\u4e0d\u8981\u8f38\u51fa\u5197\u9577\u524d\u8a00\u8207\u5206\u6790\u904e\u7a0b\u3002\u6b64\u984c\u4ee5\u7c21\u660e\u8a9e\u53e5\u56de\u61c9\u3002\u8acb\u5148\u5206\u6790\u984c\u578b\u5f8c\u518d\u9032\u884c\u56de\u7b54\u3002-False-1-True-reject-\u5305\u542b\u300c\u5148\u5206\u6790\u984c\u578b\u300d]" time="0.027" /><testcase classname="tests.test_gatekeeper" name="test_gatekeeper_hard_rules_matrix[R02_ANALYSIS_LEAK-\u672a\u8981\u6c42\u5148\u5206\u6790\u984c\u578b\uff08No trigger\uff09-\u4f60\u662f\u95b1\u5377\u59d4\u54e1\u517c\u8003\u5b98\uff0c\u5177\u5099\u6cd5\u5b78\u5224\u65b7\u80fd\u529b\u3002\u7b54\u6848\u9700\u4ee5\u6cd5\u7406\u8207\u6cd5\u5f8b\u6848\u4f8b\u984c\u6e05\u695a\u5340\u5206\uff0c\u5148\u5efa\u7acb\u6bd4\u8f03\u57fa\u6e96\uff1a\u6cd5\u689d\u9069\u7528\u3001\u4e8b\u5be6\u6bd4\u5c0d\u8207\u8981\u4ef6\u5c0d\u7167\u3002\u8655\u7406\u6cd5\u5f8b\u984c\u6642\uff0c\u4f7f\u7528\u4e09\u6bb5\u8ad6\uff08\u5927\u524d\u63d0\u8207\u5c0f\u524d\u63d0\uff09\u5b8c\u6210\u63a8\u7406\u3002\u4e0d\u5f97\u53cd\u554f\u3001\u4e0d\u5f97\u7de8\u9020\uff0c\u4e26\u8981\u76f4\u63a5\u8f38\u51fa\u6b63\u6587\uff0c\u4e0d\u8981\u8f38\u51fa\u5197\u9577\u524d\u8a00\u8207\u5206\u6790\u904e\u7a0b\u3002\u6b64\u984c\u4ee5\u7c21\u660e\u8a9e\u53e5\u56de\u61c9\u3002-True-0-False-None-None]" time="0.026" /><testcase classname="tests.test_gatekeeper" name="test_gatekeeper_hard_rules_matrix[R03_NO_ANTI_QUESTION-\u7f3a\u5c11\u53cd\u554f\u7981\u6b62\uff08Warning\uff09-\u4f60\u662f\u95b1\u5377\u59d4\u54e1\u517c\u8003\u5b98\uff0c\u5177\u5099\u6cd5\u5b78\u5224\u65b7\u80fd\u529b\u3002\u7b54\u6848\u9700\u4ee5\u6cd5\u7406\u8207\u6cd5\u5f8b\u6848\u4f8b\u984c\u6e05\u695a\u5340\u5206\uff0c\u5148\u5efa\u7acb\u6bd4\u8f03\u57fa\u6e96\uff1a\u6cd5\u689d\u9069\u7528\u3001\u4e8b\u5be6\u6bd4\u5c0d\u8207\u8981\u4ef6\u5c0d\u7167\u3002\u8655\u7406\u6cd5\u5f8b\u984c\u6642\uff0c\u4f7f\u7528\u4e09\u6bb5\u8ad6\uff08\u5927\u524d\u63d0\u8207\u5c0f\u524d\u63d0\uff09\u5b8c\u6210\u63a8\u7406\u3002\u4e0d\u5f97\u7de8\u9020\uff0c\u4e26\u8981\u76f4\u63a5\u8f38\u51fa\u6b63\u6587\uff0c\u4e0d\u8981\u8f38\u51fa\u5197\u9577\u524d\u8a00\u8207\u5206\u6790\u904e\u7a0b\u3002\u6b64\u984c\u4ee5\u7c21\u660e\u8a9e\u53e5\u56de\u61c9\u3002-True-0-True-warning-\u672a\u8a2d\u5b9a\u53cd\u554f\u7981\u6b62\u8a9e\u53e5]" time="0.026" /><testcase classname="tests.test_gatekeeper" name="test_gatekeeper_hard_rules_matrix[R03_NO_ANTI_QUESTION-\u6709\u660e\u78ba\u53cd\u554f\u7981\u6b62\uff08No trigger\uff09-\u4f60\u662f\u95b1\u5377\u59d4\u54e1\u517c\u8003\u5b98\uff0c\u5177\u5099\u6cd5\u5b78\u5224\u65b7\u80fd\u529b\u3002\u7b54\u6848\u9700\u4ee5\u6cd5\u7406\u8207\u6cd5\u5f8b\u6848\u4f8b\u984c\u6e05\u695a\u5340\u5206\uff0c\u5148\u5efa\u7acb\u6bd4\u8f03\u57fa\u6e96\uff1a\u6cd5\u689d\u9069\u7528\u3001\u4e8b\u5be6\u6bd4\u5c0d\u8207\u8981\u4ef6\u5c0d\u7167\u3002\u8655\u7406\u6cd5\u5f8b\u984c\u6642\uff0c\u4f7f\u7528\u4e09\u6bb5\u8ad6\uff08\u5927\u524d\u63d0\u8207\u5c0f\u524d\u63d0\uff09\u5b8c\u6210\u63a8\u7406\u3002\u4e0d\u5f97\u53cd\u554f\u3001\u4e0d\u5f97\u7de8\u9020\uff0c\u4e26\u8981\u76f4\u63a5\u8f38\u51fa\u6b63\u6587\uff0c\u4e0d\u8981\u8f38\u51fa\u5197\u9577\u524d\u8a00\u8207\u5206\u6790\u904e\u7a0b\u3002\u6b64\u984c\u4ee5\u7c21\u660e\u8a9e\u53e5\u56de\u61c9\u3002-True-0-False-None-None]" time="0.027" /><testcase classname="tests.test_gatekeeper" name="test_gatekeeper_hard_rules_matrix[R04_NO_ANTI_FABRICATION-\u7f3a\u5c11\u9632\u7de8\u9020\u5ba3\u544a\uff08Reject\uff09-\u4f60\u662f\u95b1\u5377\u59d4\u54e1\u517c\u8003\u5b98\uff0c\u5177\u5099\u6cd5\u5b78\u5224\u65b7\u80fd\u529b\u3002\u7b54\u6848\u9700\u4ee5\u6cd5\u7406\u8207\u6cd5\u5f8b\u6848\u4f8b\u984c\u6e05\u695a\u5340\u5206\uff0c\u5148\u5efa\u7acb\u6bd4\u8f03\u57fa\u6e96\uff1a\u6cd5\u689d\u9069\u7528\u3001\u4e8b\u5be6\u6bd4\u5c0d\u8207\u8981\u4ef6\u5c0d\u7167\u3002\u8655\u7406\u6cd5\u5f8b\u984c\u6642\uff0c\u4f7f\u7528\u4e09\u6bb5\u8ad6\uff08\u5927\u524d\u63d0\u8207\u5c0f\u524d\u63d0\uff09\u5b8c\u6210\u63a8\u7406\u3002\u4e0d\u5f97\u53cd\u554f\u3001\u4e26\u8981\u76f4\u63a5\u8f38\u51fa\u6b63\u6587\uff0c\u4e0d\u8981\u8f38\u51fa\u5197\u9577\u524d\u8a00\u8207\u5206\u6790\u904e\u7a0b\u3002\u6b64\u984c\u4ee5\u7c21\u660e\u8a9e\u53e5\u56de\u61c9\u3002-False-1-True-reject-\u672a\u8a2d\u5b9a\u6cd5\u689d/\u5224\u6c7a/\u5e74\u4efd/\u7d71\u8a08\u7684\u9632\u7de8\u9020\u5ba3\u544a]" time="0.030" /><testcase classname="tests.test_gatekeeper" name="test_gatekeeper_hard_rules_matrix[R04_NO_ANTI_FABRICATION-\u6709\u660e\u78ba\u9632\u7de8\u9020\u5ba3\u544a\uff08No trigger\uff09-\u4f60\u662f\u95b1\u5377\u59d4\u54e1\u517c\u8003\u5b98\uff0c\u5177\u5099\u6cd5\u5b78\u5224\u65b7\u80fd\u529b\u3002\u7b54\u6848\u9700\u4ee5\u6cd5\u7406\u8207\u6cd5\u5f8b\u6848\u4f8b\u984c\u6e05\u695a\u5340\u5206\uff0c\u5148\u5efa\u7acb\u6bd4\u8f03\u57fa\u6e96\uff1a\u6cd5\u689d\u9069\u7528\u3001\u4e8b\u5be6\u6bd4\u5c0d\u8207\u8981\u4ef6\u5c0d\u7167\u3002\u8655\u7406\u6cd5\u5f8b\u984c\u6642\uff0c\u4f7f\u7528\u4e09\u6bb5\u8ad6\uff08\u5927\u524d\u63d0\u8207\u5c0f\u524d\u63d0\uff09\u5b8c\u6210\u63a8\u7406\u3002\u4e0d\u5f97\u53cd\u554f\u3001\u4e0d\u5f97\u7de8\u9020\uff0c\u4e26\u8981\u76f4\u63a5\u8f38\u51fa\u6b63\u6587\uff0c\u4e0d\u8981\u8f38\u51fa\u5197\u9577\u524d\u8a00\u8207\u5206\u6790\u904e\u7a0b\u3002\u6b64\u984c\u4ee5\u7c21\u660e\u8a9e\u53e5\u56de\u61c9\u3002-True-0-False-None-None]" time="0.030" /><testcase classname="tests.test_gatekeeper" name="test_gatekeeper_hard_rules_matrix[R05_NO_EXPERT_ROLE-\u7f3a\u5c11\u570b\u8003\u5c08\u5bb6\u89d2\u8272\uff08Reject\uff09-\u4f60\u662f\u984c\u76ee\u6aa2\u6838\u8005\uff0c\u5177\u5099\u6cd5\u5b78\u5224\u65b7\u80fd\u529b\u3002\u7b54\u6848\u9700\u4ee5\u6cd5\u7406\u8207\u6cd5\u5f8b\u6848\u4f8b\u984c\u6e05\u695a\u5340\u5206\uff0c\u5148\u5efa\u7acb\u6bd4\u8f03\u57fa\u6e96\uff1a\u6cd5\u689d\u9069\u7528\u3001\u4e8b\u5be6\u6bd4\u5c0d\u8207\u8981\u4ef6\u5c0d\u7167\u3002\u8655\u7406\u6cd5\u5f8b\u984c\u6642\uff0c\u4f7f\u7528\u4e09\u6bb5\u8ad6\uff08\u5927\u524d\u63d0\u8207\u5c0f\u524d\u63d0\uff09\u5b8c\u6210\u63a8\u7406\u3002\u4e0d\u5f97\u53cd\u554f\u3001\u4e0d\u5f97\u7de8\u9020\uff0c\u4e26\u8981\u76f4\u63a5\u8f38\u51fa\u6b63\u6587\uff0c\u4e0d\u8981\u8f38\u51fa\u5197\u9577\u524d\u8a00\u8207\u5206\u6790\u904e\u7a0b\u3002\u6b64\u984c\u4ee5\u7c21\u660e\u8a9e\u53e5\u56de\u61c9\u3002-False-1-True-reject-\u7f3a\u4e4f\u570b\u8003\u5c08\u5bb6\u89d2\u8272\u8a2d\u5b9a\u5ba3\u544a]" time="0.026" /><testcase classname="tests.test_gatekeeper" name="test_gatekeeper_hard_rules_matrix[R05_NO_EXPERT_ROLE-\u6709\u570b\u8003\u5c08\u5bb6\u89d2\u8272\uff08No trigger\uff09-\u4f60\u662f\u95b1\u5377\u59d4\u54e1\u517c\u8003\u5b98\uff0c\u5177\u5099\u6cd5\u5b78\u5224\u65b7\u80fd\u529b\u3002\u7b54\u6848\u9700\u4ee5\u6cd5\u7406\u8207\u6cd5\u5f8b\u6848\u4f8b\u984c\u6e05\u695a\u5340\u5206\uff0c\u5148\u5efa\u7acb\u6bd4\u8f03\u57fa\u6e96\uff1a\u6cd5\u689d\u9069\u7528\u3001\u4e8b\u5be6\u6bd4\u5c0d\u8207\u8981\u4ef6\u5c0d\u7167\u3002\u8655\u7406\u6cd5\u5f8b\u984c\u6642\uff0c\u4f7f\u7528\u4e09\u6bb5\u8ad6\uff08\u5927\u524d\u63d0\u8207\u5c0f\u524d\u63d0\uff09\u5b8c\u6210\u63a8\u7406\u3002\u4e0d\u5f97\u53cd\u554f\u3001\u4e0d\u5f97\u7de8\u9020\uff0c\u4e26\u8981\u76f4\u63a5\u8f38\u51fa\u6b63\u6587\uff0c\u4e0d\u8981\u8f38\u51fa\u5197\u9577\u524d\u8a00\u8207\u5206\u6790\u904e\u7a0b\u3002\u6b64\u984c\u4ee5\u7c21\u660e\u8a9e\u53e5\u56de\u61c9\u3002-True-0-False-None-None]" time="0.027" /><testcase classname="tests.test_gatekeeper" name="test_gatekeeper_hard_rules_matrix[R06_NO_COMPARE_CRITERIA-\u7f3a\u5c11\u6bd4\u8f03\u57fa\u6e96\uff08Warning\uff09-\u4f60\u662f\u95b1\u5377\u59d4\u54e1\u517c\u8003\u5b98\uff0c\u5177\u5099\u6cd5\u5b78\u5224\u65b7\u80fd\u529b\u3002\u7b54\u6848\u9700\u4ee5\u6cd5\u7406\u8207\u6cd5\u5f8b\u6848\u4f8b\u984c\u6e05\u695a\u5340\u5206\uff0c\u5148\u5217\u51fa\u7b54\u6848\u91cd\u9ede\u3002\u8655\u7406\u6cd5\u5f8b\u984c\u6642\uff0c\u4f7f\u7528\u4e09\u6bb5\u8ad6\uff08\u5927\u524d\u63d0\u8207\u5c0f\u524d\u63d0\uff09\u5b8c\u6210\u63a8\u7406\u3002\u4e0d\u5f97\u53cd\u554f\u3001\u4e0d\u5f97\u7de8\u9020\uff0c\u4e26\u8981\u76f4\u63a5\u8f38\u51fa\u6b63\u6587\uff0c\u4e0d\u8981\u8f38\u51fa\u5197\u9577\u524d\u8a00\u8207\u5206\u6790\u904e\u7a0b\u3002\u6b64\u984c\u4ee5\u7c21\u660e\u8a9e\u53e5\u56de\u61c9\u3002-True-0-True-warning-\u672a\u63d0\u53ca\u6bd4\u8f03\u984c\u9700\u5efa\u7acb\u6bd4\u8f03\u57fa\u6e96]" time="0.041" /><testcase classname="tests.test_gatekeeper" name="test_gatekeeper_hard_rules_matrix[R06_NO_COMPARE_CRITERIA-\u6709\u6bd4\u8f03\u57fa\u6e96\uff08No trigger\uff09-\u4f60\u662f\u95b1\u5377\u59d4\u54e1\u517c\u8003\u5b98\uff0c\u5177\u5099\u6cd5\u5b78\u5224\u65b7\u80fd\u529b\u3002\u7b54\u6848\u9700\u4ee5\u6cd5\u7406\u8207\u6cd5\u5f8b\u6848\u4f8b\u984c\u6e05\u695a\u5340\u5206\uff0c\u5148\u5efa\u7acb\u6bd4\u8f03\u57fa\u6e96\uff1a\u6cd5\u689d\u9069\u7528\u3001\u4e8b\u5be6\u6bd4\u5c0d\u8207\u8981\u4ef6\u5c0d\u7167\u3002\u8655\u7406\u6cd5\u5f8b\u984c\u6642\uff0c\u4f7f\u7528\u4e09\u6bb5\u8ad6\uff08\u5927\u524d\u63d0\u8207\u5c0f\u524d\u63d0\uff09\u5b8c\u6210\u63a8\u7406\u3002\u4e0d\u5f97\u53cd\u554f\u3001\u4e0d\u5f97\u7de8\u9020\uff0c\u4e26\u8981\u76f4\u63a5\u8f38\u51fa\u6b63\u6587\uff0c\u4e0d\u8981\u8f38\u51fa\u5197\u9577\u524d\u8a00\u8207\u5206\u6790\u904e\u7a0b\u3002\u6b64\u984c\u4ee5\u7c21\u660e\u8a9e\u53e5\u56de\u61c9\u3002-True-0-False-None-None]" time="0.028" /><testcase classname="tests.test_gatekeeper" name="test_gatekeeper_hard_rules_matrix[R07_NO_LEGAL_DIFFERENTIATION-\u7f3a\u5c11\u6cd5\u7406/\u6848\u4f8b\u5206\u6d41\uff08Warning\uff09-\u4f60\u662f\u95b1\u5377\u59d4\u54e1\u517c\u8003\u5b98\uff0c\u5177\u5099\u6cd5\u5b78\u5224\u65b7\u80fd\u529b\u3002\u6bd4\u8f03\u984c\u6642\u5148\u5217\u51fa\u7b54\u984c\u91cd\u9ede\u8207\u4f5c\u7b54\u9806\u5e8f\uff0c\u4e26\u88dc\u5145\u5fc5\u8981\u7684\u6cd5\u5b78\u5224\u65b7\u6b65\u9a5f\u8207\u89e3\u984c\u7bc0\u594f\uff0c\u53e6\u5916\u88dc\u5145\u689d\u4ef6\u5224\u65b7\u8207\u8981\u4ef6\u5c0d\u7167\u3002\u4e0d\u5f97\u53cd\u554f\u3001\u4e0d\u5f97\u7de8\u9020\uff0c\u4e26\u8981\u76f4\u63a5\u8f38\u51fa\u6b63\u6587\uff0c\u4e0d\u8981\u8f38\u51fa\u5197\u9577\u524d\u8a00\u8207\u5206\u6790\u904e\u7a0b\u3002\u6b64\u984c\u4ee5\u7c21\u660e\u8a9e\u53e5\u56de\u61c9\u3002-True-0-True-warning-\u672a\u5340\u5206\u6cd5\u5f8b\u6cd5\u7406\u984c\u8207\u6cd5\u5f8b\u6848\u4f8b\u984c\u7684\u4f5c\u7b54\u7b56\u7565]" time="0.027" /><testcase classname="tests.test_gatekeeper" name="test_gatekeeper_hard_rules_matrix[R07_NO_LEGAL_DIFFERENTIATION-\u6709\u6cd5\u7406/\u6848\u4f8b\u5206\u6d41\uff08No trigger\uff09-\u4f60\u662f\u95b1\u5377\u59d4\u54e1\u517c\u8003\u5b98\uff0c\u5177\u5099\u6cd5\u5b78\u5224\u65b7\u80fd\u529b\u3002\u7b54\u6848\u9700\u4ee5\u6cd5\u7406\u8207\u6cd5\u5f8b\u6848\u4f8b\u984c\u6e05\u695a\u5340\u5206\uff0c\u5148\u5efa\u7acb\u6bd4\u8f03\u57fa\u6e96\uff1a\u6cd5\u689d\u9069\u7528\u3001\u4e8b\u5be6\u6bd4\u5c0d\u8207\u8981\u4ef6\u5c0d\u7167\u3002\u8655\u7406\u6cd5\u5f8b\u984c\u6642\uff0c\u4f7f\u7528\u4e09\u6bb5\u8ad6\uff08\u5927\u524d\u63d0\u8207\u5c0f\u524d\u63d0\uff09\u5b8c\u6210\u63a8\u7406\u3002\u4e0d\u5f97\u53cd\u554f\u3001\u4e0d\u5f97\u7de8\u9020\uff0c\u4e26\u8981\u76f4\u63a5\u8f38\u51fa\u6b63\u6587\uff0c\u4e0d\u8981\u8f38\u51fa\u5197\u9577\u524d\u8a00\u8207\u5206\u6790\u904e\u7a0b\u3002\u6b64\u984c\u4ee5\u7c21\u660e\u8a9e\u53e5\u56de\u61c9\u3002-True-0-False-None-None]" time="0.026" /><testcase classname="tests.test_gatekeeper" name="test_gatekeeper_hard_rules_matrix[R08_NO_DIRECT_OUTPUT-\u7f3a\u5c11\u76f4\u63a5\u8f38\u51fa\u8981\u6c42\uff08Warning\uff09-\u4f60\u662f\u95b1\u5377\u59d4\u54e1\u517c\u8003\u5b98\uff0c\u5177\u5099\u6cd5\u5b78\u5224\u65b7\u80fd\u529b\u3002\u7b54\u6848\u9700\u4ee5\u6cd5\u7406\u8207\u6cd5\u5f8b\u6848\u4f8b\u984c\u6e05\u695a\u5340\u5206\uff0c\u5148\u5efa\u7acb\u6bd4\u8f03\u57fa\u6e96\uff1a\u6cd5\u689d\u9069\u7528\u3001\u4e8b\u5be6\u6bd4\u5c0d\u8207\u8981\u4ef6\u5c0d\u7167\u3002\u8655\u7406\u6cd5\u5f8b\u984c\u6642\uff0c\u4f7f\u7528\u4e09\u6bb5\u8ad6\uff08\u5927\u524d\u63d0\u8207\u5c0f\u524d\u63d0\uff09\u5b8c\u6210\u63a8\u7406\u3002\u4e0d\u5f97\u53cd\u554f\u3001\u4e0d\u5f97\u7de8\u9020\uff0c\u8acb\u88dc\u5145\u6bcf\u4e00\u6b65\u7406\u7531\uff0c\u4e26\u5148\u884c\u8aaa\u660e\u80cc\u666f\u3002\u6b64\u984c\u4ee5\u7c21\u660e\u8a9e\u53e5\u56de\u61c9\u3002-True-0-True-warning-\u672a\u8981\u6c42\u6a21\u578b\u76f4\u63a5\u8f38\u51fa\u7b54\u6848\u6b63\u6587]" time="0.027" /><testcase classname="tests.test_gatekeeper" name="test_gatekeeper_hard_rules_matrix[R08_NO_DIRECT_OUTPUT-\u6709\u76f4\u63a5\u8f38\u51fa\u8981\u6c42\uff08No trigger\uff09-\u4f60\u662f\u95b1\u5377\u59d4\u54e1\u517c\u8003\u5b98\uff0c\u5177\u5099\u6cd5\u5b78\u5224\u65b7\u80fd\u529b\u3002\u7b54\u6848\u9700\u4ee5\u6cd5\u7406\u8207\u6cd5\u5f8b\u6848\u4f8b\u984c\u6e05\u695a\u5340\u5206\uff0c\u5148\u5efa\u7acb\u6bd4\u8f03\u57fa\u6e96\uff1a\u6cd5\u689d\u9069\u7528\u3001\u4e8b\u5be6\u6bd4\u5c0d\u8207\u8981\u4ef6\u5c0d\u7167\u3002\u8655\u7406\u6cd5\u5f8b\u984c\u6642\uff0c\u4f7f\u7528\u4e09\u6bb5\u8ad6\uff08\u5927\u524d\u63d0\u8207\u5c0f\u524d\u63d0\uff09\u5b8c\u6210\u63a8\u7406\u3002\u4e0d\u5f97\u53cd\u554f\u3001\u4e0d\u5f97\u7de8\u9020\uff0c\u4e26\u8981\u76f4\u63a5\u8f38\u51fa\u6b63\u6587\uff0c\u4e0d\u8981\u8f38\u51fa\u5197\u9577\u524d\u8a00\u8207\u5206\u6790\u904e\u7a0b\u3002\u6b64\u984c\u4ee5\u7c21\u660e\u8a9e\u53e5\u56de\u61c9\u3002-True-0-False-None-None]" time="0.026" /><testcase classname="tests.test_gatekeeper" name="test_gatekeeper_semantic_equivalent_matrix[R04_NO_ANTI_FABRICATION-\u8a9e\u610f\u7b49\u50f9\u964d\u7d1a\uff1a\u4e0d\u53ef\u634f\u9020\uff08Reject-&gt;Warning\uff09-\u4f60\u662f\u95b1\u5377\u59d4\u54e1\u517c\u8003\u5b98\uff0c\u5177\u5099\u6cd5\u5b78\u5224\u65b7\u80fd\u529b\u3002\u7b54\u6848\u9700\u4ee5\u6cd5\u7406\u8207\u6cd5\u5f8b\u6848\u4f8b\u984c\u6e05\u695a\u5340\u5206\uff0c\u5148\u5efa\u7acb\u6bd4\u8f03\u57fa\u6e96\uff1a\u6cd5\u689d\u9069\u7528\u3001\u4e8b\u5be6\u6bd4\u5c0d\u8207\u8981\u4ef6\u5c0d\u7167\u3002\u8655\u7406\u6cd5\u5f8b\u984c\u6642\uff0c\u4f7f\u7528\u4e09\u6bb5\u8ad6\uff08\u5927\u524d\u63d0\u8207\u5c0f\u524d\u63d0\uff09\u5b8c\u6210\u63a8\u7406\u3002\u4e0d\u5fc5\u53cd\u554f\u3001\u907f\u514d\u7de8\u9020\uff0c\u4e26\u8981\u76f4\u63a5\u8f38\u51fa\u6b63\u6587\uff0c\u4e0d\u8981\u8f38\u51fa\u5197\u9577\u524d\u8a00\u8207\u5206\u6790\u904e\u7a0b\u3002\u6b64\u984c\u4ee5\u7c21\u660e\u8a9e\u53e5\u56de\u61c9\u3002\u53e6\u5916\u88dc\u5145\u300c\u4e0d\u53ef\u634f\u9020\u300d\u95dc\u9375\u8a5e\u3002-True-0-warning]" time="0.028" /><testcase classname="tests.test_gatekeeper" name="test_gatekeeper_semantic_equivalent_matrix[R04_NO_ANTI_FABRICATION-\u8a9e\u610f\u7b49\u50f9\u964d\u7d1a\u5931\u6557\uff1a\u4fdd\u6301\u7f3a\u6f0f-\u4f60\u662f\u95b1\u5377\u59d4\u54e1\u517c\u8003\u5b98\uff0c\u5177\u5099\u6cd5\u5b78\u5224\u65b7\u80fd\u529b\u3002\u7b54\u6848\u9700\u4ee5\u6cd5\u7406\u8207\u6cd5\u5f8b\u6848\u4f8b\u984c\u6e05\u695a\u5340\u5206\uff0c\u5148\u5efa\u7acb\u6bd4\u8f03\u57fa\u6e96\uff1a\u6cd5\u689d\u9069\u7528\u3001\u4e8b\u5be6\u6bd4\u5c0d\u8207\u8981\u4ef6\u5c0d\u7167\u3002\u8655\u7406\u6cd5\u5f8b\u984c\u6642\uff0c\u4f7f\u7528\u4e09\u6bb5\u8ad6\uff08\u5927\u524d\u63d0\u8207\u5c0f\u524d\u63d0\uff09\u5b8c\u6210\u63a8\u7406\u3002\u4e0d\u5fc5\u53cd\u554f\u3001\u907f\u514d\u7de8\u9020\uff0c\u4e26\u8981\u76f4\u63a5\u8f38\u51fa\u6b63\u6587\uff0c\u4e0d\u8981\u8f38\u51fa\u5197\u9577\u524d\u8a00\u8207\u5206\u6790\u904e\u7a0b\u3002\u6b64\u984c\u4ee5\u7c21\u660e\u8a9e\u53e5\u56de\u61c9\u3002\u6b64\u5916\u518d\u52a0\u4e0a\u4e8b\u5be6\u8981\u4ef6\u9010\u6b65\u9a57\u8b49\u3002-False-1-reject]" time="0.025" /><testcase classname="tests.test_gatekeeper" name="test_gatekeeper_semantic_equivalent_matrix[R05_NO_EXPERT_ROLE-\u8a9e\u610f\u7b49\u50f9\u964d\u7d1a\uff1a\u570b\u8003\u9867\u554f\uff08Reject-&gt;Warning\uff09-\u4f60\u662f\u570b\u8003\u9867\u554f\uff0c\u5177\u5099\u6cd5\u5b78\u5224\u65b7\u80fd\u529b\u3002\u7b54\u6848\u9700\u4ee5\u6cd5\u7406\u8207\u6cd5\u5f8b\u6848\u4f8b\u984c\u6e05\u695a\u5340\u5206\uff0c\u5148\u5efa\u7acb\u6bd4\u8f03\u57fa\u6e96\uff1a\u6cd5\u689d\u9069\u7528\u3001\u4e8b\u5be6\u6bd4\u5c0d\u8207\u8981\u4ef6\u5c0d\u7167\u3002\u8655\u7406\u6cd5\u5f8b\u984c\u6642\uff0c\u4f7f\u7528\u4e09\u6bb5\u8ad6\uff08\u5927\u524d\u63d0\u8207\u5c0f\u524d\u63d0\uff09\u5b8c\u6210\u63a8\u7406\u3002\u4e0d\u5f97\u53cd\u554f\u3001\u4e0d\u5f97\u7de8\u9020\uff0c\u4e26\u8981\u76f4\u63a5\u8f38\u51fa\u6b63\u6587\uff0c\u4e0d\u8981\u8f38\u51fa\u5197\u9577\u524d\u8a00\u8207\u5206\u6790\u904e\u7a0b\u3002\u6b64\u984c\u4ee5\u7c21\u660e\u8a9e\u53e5\u56de\u61c9\u3002-True-0-warning]" time="0.026" /><testcase classname="tests.test_gatekeeper" name="test_gatekeeper_semantic_equivalent_matrix[R05_NO_EXPERT_ROLE-\u8a9e\u610f\u7b49\u50f9\u964d\u7d1a\u5931\u6557\uff1a\u4fdd\u6301\u7f3a\u6f0f-\u4f60\u662f\u984c\u76ee\u9867\u554f\uff0c\u5177\u5099\u6cd5\u5b78\u5224\u65b7\u80fd\u529b\u3002\u7b54\u6848\u9700\u4ee5\u6cd5\u7406\u8207\u6cd5\u5f8b\u6848\u4f8b\u984c\u6e05\u695a\u5340\u5206\uff0c\u5148\u5efa\u7acb\u6bd4\u8f03\u57fa\u6e96\uff1a\u6cd5\u689d\u9069\u7528\u3001\u4e8b\u5be6\u6bd4\u5c0d\u8207\u8981\u4ef6\u5c0d\u7167\u3002\u8655\u7406\u6cd5\u5f8b\u984c\u6642\uff0c\u4f7f\u7528\u4e09\u6bb5\u8ad6\uff08\u5927\u524d\u63d0\u8207\u5c0f\u524d\u63d0\uff09\u5b8c\u6210\u63a8\u7406\u3002\u4e0d\u5f97\u53cd\u554f\u3001\u4e0d\u5f97\u7de8\u9020\uff0c\u4e26\u8981\u76f4\u63a5\u8f38\u51fa\u6b63\u6587\uff0c\u4e0d\u8981\u8f38\u51fa\u5197\u9577\u524d\u8a00\u8207\u5206\u6790\u904e\u7a0b\u3002\u6b64\u984c\u4ee5\u7c21\u660e\u8a9e\u53e5\u56de\u61c9\u3002-False-1-reject]" time="0.027" /><testcase classname="tests.test_gatekeeper" name="test_gatekeeper_direct_runs_clean_prompt_without_violations" time="0.020" /><testcase classname="tests.test_gatekeeper" name="test_gatekeeper_direct_checks_length_bands" time="0.019" /><testcase classname="tests.test_gatekeeper" name="test_gatekeeper_accepts_exact_700_character_limit" time="0.019" /><testcase classname="tests.test_gatekeeper" name="test_gatekeeper_direct_blocks_unknown_rule_in_semantic_checker" time="0.023" /><testcase classname="tests.test_gatekeeper" name="test_run_gatekeeper_direct_allows_semantic_equivalent_for_expert_role" time="0.021" /><testcase classname="tests.test_gatekeeper" name="test_run_gatekeeper_direct_no_semantic_downgrade_when_not_equivalent" time="0.019" /><testcase classname="tests.test_gatekeeper" name="test_gatekeeper_direct_allows_semantic_suppressed_analysis_leak" time="0.020" /><testcase classname="tests.test_gatekeeper" name="test_gatekeeper_direct_reports_rule6_to8_violations" time="0.021" /><testcase classname="tests.test_gatekeeper" name="test_gatekeeper_direct_analysis_leak_violation" time="0.021" /><testcase classname="tests.test_gatekeeper" name="test_gatekeeper_entrypoint_success_run_with_json_in_process" time="0.026" /><testcase classname="tests.test_gatekeeper" name="test_gatekeeper_entrypoint_reject_without_json_in_process" time="0.026" /><testcase classname="tests.test_gatekeeper" name="test_gatekeeper_entrypoint_invalid_args_in_process" time="0.009" /><testcase classname="tests.test_gatekeeper" name="test_gatekeeper_entrypoint_missing_file_in_process" time="0.022" /><testcase classname="tests.test_gatekeeper" name="test_gatekeeper_cli_output_contract_and_human_readable_summary" time="0.023" /><testcase classname="tests.test_gatekeeper" name="test_gatekeeper_cli_reports_json_on_reject_with_warning_mix" time="0.039" /><testcase classname="tests.test_gatekeeper" name="test_gatekeeper_cli_accepts_warning_only_output" time="0.027" /><testcase classname="tests.test_gatekeeper" name="test_gatekeeper_cli_invalid_argument_errored" time="0.020" /><testcase classname="tests.test_gatekeeper" name="test_gatekeeper_cli_missing_prompt_file_prints_error" time="0.020" /><testcase classname="tests.test_generate_questions" name="test_generate_all_writes_three_files" time="0.093" /><testcase classname="tests.test_generate_questions" name="test_generate_all_idempotent_with_existing_dir" time="0.028" /><testcase classname="tests.test_integration_server_feedback" name="test_post_then_summary_end_to_end" time="0.051" /><testcase classname="tests.test_integration_server_feedback" name="test_summary_with_no_feedback_file" time="0.019" /><testcase classname="tests.test_integration_server_feedback" name="test_weak_dimension_boundary_15" time="0.042" /><testcase classname="tests.test_integration_server_feedback" name="test_weak_type_boundary_70" time="0.044" /><testcase classname="tests.test_integration_server_feedback" name="test_hints_generated_only_for_known_dimensions" time="0.039" /><testcase classname="tests.test_integration_server_feedback" name="test_lazy_import_wires_real_feedback_module" time="0.043" /><testcase classname="tests.test_integration_server_feedback" name="test_malformed_feedback_row_maps_to_500" time="0.038" /><testcase classname="tests.test_integration_server_feedback" name="test_server_feedback_visible_to_optimizer_threshold" time="0.060" /><testcase classname="tests.test_integration_server_feedback" name="test_analyze_and_suggest_consistent_with_server_summary" time="0.082" /><testcase classname="tests.test_integration_server_feedback" name="test_optimization_round_passes_direction_and_parallel" time="0.019" /><testcase classname="tests.test_integration_server_feedback" name="test_optimization_round_subprocess_kwargs_and_output_truncation" time="0.068" /><testcase classname="tests.test_integration_server_feedback" name="test_optimization_round_without_direction_omits_flag" time="0.031" /><testcase classname="tests.test_integration_server_feedback" name="test_optimization_success_reflected_in_server_status" time="0.068" /><testcase classname="tests.test_integration_server_feedback" name="test_optimization_failure_logged_and_status_active" time="0.064" /><testcase classname="tests.test_integration_server_feedback" name="test_optimization_exception_logged_as_error_status_idle" time="0.057" /><testcase classname="tests.test_leaderboard.TestLoadJson" name="test_missing" time="0.022" /><testcase classname="tests.test_leaderboard.TestLoadJson" name="test_valid" time="0.024" /><testcase classname="tests.test_leaderboard.TestListRuns" name="test_no_runs_dir" time="0.022" /><testcase classname="tests.test_leaderboard.TestListRuns" name="test_filters_and_parses" time="0.040" /><testcase classname="tests.test_leaderboard.TestListRuns" name="test_null_score_defaults_zero" time="0.031" /><testcase classname="tests.test_leaderboard.TestMain" name="test_ranked_output" time="0.044" /><testcase classname="tests.test_leaderboard.TestMain" name="test_limit_and_empty_types" time="0.036" /><testcase classname="tests.test_leaderboard.TestMain" name="test_no_runs" time="0.021" /><testcase classname="tests.test_lib_api" name="test_call_minimax_success_parses_and_returns_trimmed_content" time="0.004" /><testcase classname="tests.test_lib_api" name="test_call_minimax_request_headers_and_payload_match_expectations" time="0.004" /><testcase classname="tests.test_lib_api" name="test_call_minimax_non_200_raises_api_error_with_status_code" time="0.005" /><testcase classname="tests.test_lib_api" name="test_call_minimax_timeout_raises" time="0.004" /><testcase classname="tests.test_lib_api" name="test_call_minimax_missing_api_key" time="0.002" /><testcase classname="tests.test_lib_api" name="test_call_minimax_invalid_json_raises" time="0.004" /><testcase classname="tests.test_lib_api" name="test_call_minimax_missing_choices_field_raises_api_error" time="0.005" /><testcase classname="tests.test_lib_api" name="test_call_minimax_exception_is_propagated" time="0.004" /><testcase classname="tests.test_lib_api" name="test_call_minimax_retry_gt_1_once_then_success" time="1.004" /><testcase classname="tests.test_lib_api_error_contract" name="test_http_error_response_should_raise_runtime_error_with_status_code" time="0.002" /><testcase classname="tests.test_lib_api_error_contract" name="test_read_timeout_should_raise_runtime_error_with_timeout_message" time="0.002" /><testcase classname="tests.test_lib_api_error_contract" name="test_connect_timeout_urlerror_form_should_raise_same_type_as_read_timeout" time="0.003" /><testcase classname="tests.test_lib_api_error_contract" name="test_connection_exception_should_be_wrapped_with_api_context" time="0.005" /><testcase classname="tests.test_lib_api_error_contract" name="test_retry_exhaustion_wraps_final_dependency_error" time="0.004" /><testcase classname="tests.test_lib_api_error_contract" name="test_retry_zero_should_raise_instead_of_silent_empty_string" time="0.004" /><testcase classname="tests.test_lib_api_external_failures.TestHttpError" name="test_non_2xx_wraps_as_api_error_with_code_and_retry" time="0.005" /><testcase classname="tests.test_lib_api_external_failures.TestTimeout" name="test_timeout_raises_api_timeout_error" time="0.004" /><testcase classname="tests.test_lib_api_external_failures.TestUnderlyingException" name="test_generic_exception_wraps_as_api_error_with_type" time="0.005" /><testcase classname="tests.test_lib_api_http_status_codes" name="test_non_2xx_status_code_raises_api_error_with_status_code[400-Bad Request]" time="0.004" /><testcase classname="tests.test_lib_api_http_status_codes" name="test_non_2xx_status_code_raises_api_error_with_status_code[401-Unauthorized]" time="0.005" /><testcase classname="tests.test_lib_api_http_status_codes" name="test_non_2xx_status_code_raises_api_error_with_status_code[403-Forbidden]" time="0.003" /><testcase classname="tests.test_lib_api_http_status_codes" name="test_non_2xx_status_code_raises_api_error_with_status_code[429-Too Many Requests]" time="0.004" /><testcase classname="tests.test_lib_api_http_status_codes" name="test_non_2xx_status_code_raises_api_error_with_status_code[500-Internal Server Error]" time="0.004" /><testcase classname="tests.test_lib_api_http_status_codes" name="test_non_2xx_status_code_raises_api_error_with_status_code[502-Bad Gateway]" time="0.004" /><testcase classname="tests.test_lib_api_http_status_codes" name="test_non_2xx_status_code_raises_api_error_with_status_code[503-Service Unavailable]" time="0.004" /><testcase classname="tests.test_lib_api_http_status_codes" name="test_200_empty_choices_list_raises_api_error" time="0.004" /><testcase classname="tests.test_lib_api_line37_branch" name="test_urlerror_non_timeout_should_raise_apierror_connection_failed" time="0.003" /><testcase classname="tests.test_lib_api_positive_verify.TestTranslateErrorPositiveVerify" name="test_http_error_yields_api_error" time="0.003" /><testcase classname="tests.test_lib_api_positive_verify.TestTranslateErrorPositiveVerify" name="test_socket_timeout_yields_api_timeout_error" time="0.003" /><testcase classname="tests.test_lib_api_positive_verify.TestTranslateErrorPositiveVerify" name="test_timeout_error_yields_api_timeout_error" time="0.003" /><testcase classname="tests.test_lib_api_positive_verify.TestTranslateErrorPositiveVerify" name="test_urlerror_with_timeout_reason_yields_api_timeout_error" time="0.003" /><testcase classname="tests.test_lib_api_positive_verify.TestTranslateErrorPositiveVerify" name="test_urlerror_with_non_timeout_reason_yields_api_error" time="0.004" /><testcase classname="tests.test_lib_api_positive_verify.TestTranslateErrorPositiveVerify" name="test_connection_error_base_yields_api_error" time="0.003" /><testcase classname="tests.test_lib_api_positive_verify.TestTranslateErrorPositiveVerify" name="test_connection_reset_error_yields_api_error" time="0.003" /><testcase classname="tests.test_lib_api_positive_verify.TestTranslateErrorPositiveVerify" name="test_connection_aborted_error_yields_api_error" time="0.003" /><testcase classname="tests.test_lib_api_positive_verify.TestTranslateErrorPositiveVerify" name="test_generic_exception_yields_api_error_with_type_name" time="0.003" /><testcase classname="tests.test_lib_api_positive_verify.TestTranslateErrorPositiveVerify" name="test_os_error_yields_api_error_with_type_name" time="0.003" /><testcase classname="tests.test_lib_api_rate_wait_branch" name="test_rate_wait_sleeps_on_consecutive_calls" time="0.204" /><testcase classname="tests.test_lib_api_rate_wait_branch" name="test_rate_wait_no_sleep_on_single_call" time="0.005" /><testcase classname="tests.test_lib_api_rate_wait_branch" name="test_error_after_rate_wait_translated_to_api_error" time="0.003" /><testcase classname="tests.test_lib_api_rate_wait_branch" name="test_timeout_after_rate_wait_translated_to_api_timeout_error" time="0.003" /><testcase classname="tests.test_lib_api_rate_wait_branch" name="test_generic_exception_after_rate_wait_wrapped_with_context" time="0.003" /><testcase classname="tests.test_lib_api_rate_wait_branch" name="test_retry_zero_after_rate_wait_still_makes_request" time="0.004" /><testcase classname="tests.test_lib_config" name="test_load_defaults_when_config_file_missing" time="0.017" /><testcase classname="tests.test_lib_config" name="test_load_config_file_merge_overrides_defaults" time="0.020" /><testcase classname="tests.test_lib_config" name="test_environment_variables_override_file_and_types" time="0.023" /><testcase classname="tests.test_lib_config" name="test_get_section_and_cache_hit_without_reload" time="0.048" /><testcase classname="tests.test_lib_config" name="test_reload_after_cache_cleared_and_error_branch_for_invalid_json" time="0.027" /><testcase classname="tests.test_lib_config" name="test_get_branch_L109_L111_dict_key_shifted_to_default" time="0.021" /><testcase classname="tests.test_lib_config" name="test_get_branch_L114_non_dict_section_returns_default" time="0.020" /><testcase classname="tests.test_lib_config" name="test_invalid_numeric_env_var_raises_and_falls_back_to_default" time="0.020" /><testcase classname="tests.test_lib_config" name="test_invalid_parallel_env_var_raises_and_falls_back_to_default" time="0.019" /><testcase classname="tests.test_lib_config" name="test_invalid_max_candidate_length_env_var_raises_and_falls_back_to_default" time="0.021" /><testcase classname="tests.test_lib_config" name="test_valid_file_config_plus_invalid_env_var_raises_and_falls_back_to_file_value" time="0.025" /><testcase classname="tests.test_lib_config" name="test_empty_config_json_falls_back_to_defaults" time="0.021" /><testcase classname="tests.test_lib_config" name="test_config_json_empty_string_overrides_numeric_default_validated" time="0.023" /><testcase classname="tests.test_lib_config" name="test_config_json_wrong_type_for_numeric_override_validated" time="0.022" /><testcase classname="tests.test_lib_config" name="test_config_json_null_for_numeric_default_validated" time="0.022" /><testcase classname="tests.test_lib_config" name="test_empty_numeric_env_var_raises_value_error" time="0.019" /><testcase classname="tests.test_lib_config" name="test_whitespace_numeric_env_var_raises_value_error" time="0.017" /><testcase classname="tests.test_lib_config" name="test_empty_smoke_parallel_env_var_raises_and_falls_back_to_default" time="0.019" /><testcase classname="tests.test_lib_conf
[...]
test_lib_config" name="test_empty_holdout_parallel_env_var_raises_and_falls_back_to_default" time="0.022" /><testcase classname="tests.test_lib_config" name="test_get_normal_dict_section_string_key_returns_value" time="0.021" /><testcase classname="tests.test_lib_config" name="test_get_normal_dict_section_missing_key_returns_default" time="0.032" /><testcase classname="tests.test_lib_config" name="test_env_override_section_created_when_missing_from_cfg" time="0.003" /><testcase classname="tests.test_lib_config" name="test_invalid_api_timeout_env_var_raises_value_error[nan]" time="0.005" /><testcase classname="tests.test_lib_config" name="test_invalid_api_timeout_env_var_raises_value_error[inf]" time="0.004" /><testcase classname="tests.test_lib_config" name="test_invalid_api_timeout_env_var_raises_value_error[negative]" time="0.004" /><testcase classname="tests.test_lib_config" name="test_invalid_api_timeout_env_var_raises_value_error[zero]" time="0.005" /><testcase classname="tests.test_lib_config" name="test_invalid_api_timeout_env_var_raises_value_error[empty-string]" time="0.004" /><testcase classname="tests.test_lib_config" name="test_invalid_api_timeout_env_var_raises_value_error[whitespace]" time="0.005" /><testcase classname="tests.test_lib_config" name="test_empty_api_url_env_var_raises_value_error" time="0.018" /><testcase classname="tests.test_lib_config" name="test_whitespace_api_url_env_var_raises_value_error" time="0.017" /><testcase classname="tests.test_lib_config" name="test_empty_api_model_env_var_raises_value_error" time="0.018" /><testcase classname="tests.test_lib_config" name="test_whitespace_api_model_env_var_raises_value_error" time="0.019" /><testcase classname="tests.test_lib_config" name="test_invalid_api_url_format_env_var_raises_value_error" time="0.018" /><testcase classname="tests.test_lib_config" name="test_invalid_api_url_no_protocol_env_var_raises_value_error" time="0.017" /><testcase classname="tests.test_lib_config" name="test_empty_api_url_in_config_json_raises_value_error" time="0.021" /><testcase classname="tests.test_lib_config" name="test_invalid_api_url_format_in_config_json_raises_value_error" time="0.021" /><testcase classname="tests.test_lib_config" name="test_empty_api_model_in_config_json_raises_value_error" time="0.024" /><testcase classname="tests.test_lib_config" name="test_empty_api_url_env_var_fallback_to_default" time="0.020" /><testcase classname="tests.test_lib_config" name="test_empty_api_model_env_var_fallback_to_default" time="0.021" /><testcase classname="tests.test_lib_config" name="test_valid_api_url_env_var_accepted" time="0.018" /><testcase classname="tests.test_lib_config" name="test_valid_http_api_url_env_var_accepted" time="0.019" /><testcase classname="tests.test_lib_config" name="test_valid_api_model_env_var_accepted" time="0.018" /><testcase classname="tests.test_lib_config" name="test_valid_smoke_parallel_env_var_accepted" time="0.017" /><testcase classname="tests.test_lib_config" name="test_valid_dev_parallel_env_var_accepted" time="0.018" /><testcase classname="tests.test_lib_config" name="test_valid_holdout_parallel_env_var_accepted" time="0.018" /><testcase classname="tests.test_lib_config" name="test_valid_max_candidate_length_env_var_accepted" time="0.019" /><testcase classname="tests.test_lib_config" name="test_empty_minimax_api_key_env_var_accepted_and_not_validated" time="0.019" /><testcase classname="tests.test_lib_config" name="test_valid_minimax_api_key_env_var_accepted" time="0.019" /><testcase classname="tests.test_lib_config" name="test_config_json_empty_string_timeout_rejected_and_falls_back_to_default" time="0.024" /><testcase classname="tests.test_lib_config" name="test_config_json_negative_retry_rejected_and_falls_back" time="0.041" /><testcase classname="tests.test_lib_config" name="test_config_json_wrong_type_for_url_rejected_and_falls_back" time="0.022" /><testcase classname="tests.test_lib_config_cache_stability" name="test_failed_config_load_cannot_stale_cache_when_env_fixed_later" time="0.017" /><testcase classname="tests.test_lib_config_cache_stability" name="test_failed_config_load_with_valid_file_then_invalid_env_then_fixed_env_uses_file_and_env" time="0.039" /><testcase classname="tests.test_lib_config_regression" name="test_missing_env_var_falls_back_to_default" time="0.017" /><testcase classname="tests.test_lib_config_regression" name="test_invalid_env_var_raises_and_falls_back_to_default" time="0.017" /><testcase classname="tests.test_lib_config_regression" name="test_fallback_final_value_must_pass_validation" time="0.018" /><testcase classname="tests.test_lib_config_regression" name="test_file_valid_override_plus_env_invalid_same_key_rejected" time="0.023" /><testcase classname="tests.test_lib_config_regression" name="test_invalid_default_api_timeout_zero_raises" time="0.017" /><testcase classname="tests.test_lib_config_regression" name="test_invalid_default_parallel_smoke_negative_raises" time="0.016" /><testcase classname="tests.test_lib_config_regression" name="test_invalid_default_max_candidate_length_zero_raises" time="0.017" /><testcase classname="tests.test_lib_config_regression" name="test_string_schema_rejects_non_string_type[int]" time="0.023" /><testcase classname="tests.test_lib_config_regression" name="test_string_schema_rejects_non_string_type[bool]" time="0.025" /><testcase classname="tests.test_lib_config_regression" name="test_string_schema_rejects_non_string_type[list]" time="0.022" /><testcase classname="tests.test_lib_config_regression" name="test_string_schema_rejects_non_string_type[dict]" time="0.038" /><testcase classname="tests.test_lib_config_regression" name="test_string_schema_rejects_non_string_type_for_model[int]" time="0.022" /><testcase classname="tests.test_lib_config_regression" name="test_string_schema_rejects_non_string_type_for_model[bool]" time="0.021" /><testcase classname="tests.test_lib_config_regression" name="test_string_schema_rejects_non_string_type_for_model[list]" time="0.022" /><testcase classname="tests.test_lib_config_regression" name="test_string_schema_rejects_non_string_type_for_model[dict]" time="0.042" /><testcase classname="tests.test_lib_config_regression" name="test_get_all_returns_isolated_mutable_views" time="0.017" /><testcase classname="tests.test_lib_io" name="test_load_file_returns_stripped_content_and_missing_path_default" time="0.018" /><testcase classname="tests.test_lib_io" name="test_write_file_auto_creates_parent_dir_and_writes_content" time="0.022" /><testcase classname="tests.test_lib_io" name="test_sha256_text_matches_python_hashlib" time="0.002" /><testcase classname="tests.test_lib_io" name="test_load_json_returns_default_when_missing_or_error" time="0.026" /><testcase classname="tests.test_lib_io" name="test_write_and_load_json_round_trip_preserves_unicode" time="0.023" /><testcase classname="tests.test_lib_io" name="test_read_jsonl_with_limit_and_append_jsonl_json_dumps_newline" time="0.029" /><testcase classname="tests.test_lib_io" name="test_normalize_path_and_ensure_dir" time="0.021" /><testcase classname="tests.test_lib_metrics" name="test_record_event_append_payload_with_timestamp" time="0.038" /><testcase classname="tests.test_lib_metrics" name="test_record_event_without_data_omits_optional_payload" time="0.038" /><testcase classname="tests.test_lib_metrics" name="test_record_round_returns_payload_and_default_conversion" time="0.041" /><testcase classname="tests.test_lib_metrics" name="test_record_round_default_target_failures_is_list" time="0.038" /><testcase classname="tests.test_lib_metrics" name="test_record_event_no_data_covers_false_branch" time="0.039" /><testcase classname="tests.test_preflight" name="test_read_text" time="0.023" /><testcase classname="tests.test_preflight" name="test_sha256_text" time="0.003" /><testcase classname="tests.test_preflight" name="test_count_jsonl" time="0.024" /><testcase classname="tests.test_preflight" name="test_count_jsonl_invalid_raises" time="0.025" /><testcase classname="tests.test_preflight" name="test_load_json" time="0.037" /><testcase classname="tests.test_preflight" name="test_check_run_path" time="0.026" /><testcase classname="tests.test_preflight" name="test_main_all_pass_text_output" time="0.114" /><testcase classname="tests.test_preflight" name="test_main_all_pass_json_output" time="0.097" /><testcase classname="tests.test_preflight" name="test_main_empty_dir_fails" time="0.022" /><testcase classname="tests.test_preflight" name="test_main_fail_text_output_marks" time="0.023" /><testcase classname="tests.test_preflight" name="test_main_invalid_jsonl_reports_parse_error" time="0.101" /><testcase classname="tests.test_preflight" name="test_main_missing_smoke_run_is_warning_only" time="0.100" /><testcase classname="tests.test_preflight" name="test_main_bad_parallel_settings_fail" time="0.096" /><testcase classname="tests.test_preflight" name="test_main_parallel_defaults_from_env" time="0.105" /><testcase classname="tests.test_preflight" name="test_main_parallel_env_non_integer_fails" time="0.059" /><testcase classname="tests.test_preflight" name="test_script_main_guard" time="0.189" /><testcase classname="tests.test_product_diff_audit" name="test_product_code_should_not_be_edited_for_coverage_tuning" time="0.100" /><testcase classname="tests.test_product_diff_audit" name="test_diff_paths_handles_platform_paths_unicode_and_line_endings" time="0.003" /><testcase classname="tests.test_product_diff_audit" name="test_windows_drive_path_to_posix_translation" time="0.003" /><testcase classname="tests.test_product_diff_audit" name="test_git_status_kwargs_sets_env_for_windows_gitdir" time="0.017"><skipped type="pytest.skip" message="此案例驗證非 Windows 程序啟動行為">D:\Users\Administrator\Desktop\autodev-ng\data\prompt-autoresearch\worktrees\8db17ed8\tests\test_product_diff_audit.py:183: 此案例驗證非 Windows 程序啟動行為</skipped></testcase><testcase classname="tests.test_product_diff_audit" name="test_simulate_linux_macos_git_failure_and_success" time="0.005" /><testcase classname="tests.test_script_entrypoints" name="test_feedback_module_prints_summary" time="0.026" /><testcase classname="tests.test_script_entrypoints" name="test_server_module_help_prints_usage" time="0.028" /><testcase classname="tests.test_script_entrypoints" name="test_analyze_runs_help_entrypoint" time="0.026" /><testcase classname="tests.test_script_entrypoints" name="test_backfill_candidate_scorecards_help_entrypoint" time="0.023" /><testcase classname="tests.test_script_entrypoints" name="test_evaluate_entrypoint_usage_error" time="0.004" /><testcase classname="tests.test_script_entrypoints" name="test_experiment_report_help_entrypoint" time="0.024" /><testcase classname="tests.test_script_entrypoints" name="test_generate_questions_entrypoint_writes_files" time="0.056" /><testcase classname="tests.test_script_entrypoints" name="test_leaderboard_help_entrypoint" time="0.022" /><testcase classname="tests.test_script_entrypoints" name="test_test_matrix_runtime_normalizes_platform_and_version[Darwin-3.10.14-3-10-expected0]" time="0.014" /><testcase classname="tests.test_script_entrypoints" name="test_test_matrix_runtime_normalizes_platform_and_version[Linux-3.11.9-3-11-expected1]" time="0.004" /><testcase classname="tests.test_script_entrypoints" name="test_test_matrix_runtime_normalizes_platform_and_version[Windows-3.12.4-3-12-expected2]" time="0.003" /><testcase classname="tests.test_script_entrypoints" name="test_test_matrix_runs_every_supported_combination_and_reports_runtime[Linux-3.10]" time="0.005" /><testcase classname="tests.test_script_entrypoints" name="test_test_matrix_runs_every_supported_combination_and_reports_runtime[Linux-3.11]" time="0.005" /><testcase classname="tests.test_script_entrypoints" name="test_test_matrix_runs_every_supported_combination_and_reports_runtime[Linux-3.12]" time="0.004" /><testcase classname="tests.test_script_entrypoints" name="test_test_matrix_runs_every_supported_combination_and_reports_runtime[macOS-3.10]" time="0.005" /><testcase classname="tests.test_script_entrypoints" name="test_test_matrix_runs_every_supported_combination_and_reports_runtime[macOS-3.11]" time="0.005" /><testcase classname="tests.test_script_entrypoints" name="test_test_matrix_runs_every_supported_combination_and_reports_runtime[macOS-3.12]" time="0.005" /><testcase classname="tests.test_script_entrypoints" name="test_test_matrix_runs_every_supported_combination_and_reports_runtime[Windows-3.10]" time="0.005" /><testcase classname="tests.test_script_entrypoints" name="test_test_matrix_runs_every_supported_combination_and_reports_runtime[Windows-3.11]" time="0.005" /><testcase classname="tests.test_script_entrypoints" name="test_test_matrix_runs_every_supported_combination_and_reports_runtime[Windows-3.12]" time="0.004" /><testcase classname="tests.test_script_entrypoints" name="test_test_matrix_returns_first_failed_test_set_and_continues" time="0.005" /><testcase classname="tests.test_script_entrypoints" name="test_test_matrix_rejects_runtime_version_mismatch" time="0.004" /><testcase classname="tests.test_script_entrypoints" name="test_test_matrix_rejects_invalid_python_version" time="0.004" /><testcase classname="tests.test_script_entrypoints" name="test_test_matrix_entrypoint_propagates_unsupported_runtime_combination" time="0.021" /><testcase classname="tests.test_script_entrypoints" name="test_test_matrix_preflight_invalid_output_propagates_failure[None-7]" time="0.002" /><testcase classname="tests.test_script_entrypoints" name="test_test_matrix_preflight_invalid_output_propagates_failure[not-json-8]" time="0.002" /><testcase classname="tests.test_script_entrypoints" name="test_test_matrix_subprocess_start_error_becomes_failure" time="0.003" /><testcase classname="tests.test_script_entrypoints" name="test_test_matrix_writes_report_with_platform_path_parts[PurePosixPath]" time="0.024" /><testcase classname="tests.test_script_entrypoints" name="test_test_matrix_writes_report_with_platform_path_parts[PureWindowsPath]" time="0.029" /><testcase classname="tests.test_script_entrypoints" name="test_test_matrix_m1_forwards_preflight_output_once[-preflight warning--preflight warning\n]" time="0.004" /><testcase classname="tests.test_script_entrypoints" name="test_test_matrix_m1_forwards_preflight_output_once[{}\n-preflight warning\n-{}\n-preflight warning\n]" time="0.004" /><testcase classname="tests.test_script_entrypoints" name="test_test_matrix_does_not_hide_other_preflight_errors" time="0.005" /><testcase classname="tests.test_untested_entrypoints.TestInfiniteEvolveParseArgs" name="test_help_exits_zero" time="0.022" /><testcase classname="tests.test_untested_entrypoints.TestInfiniteEvolveParseArgs" name="test_no_args_uses_defaults" time="0.005" /><testcase classname="tests.test_untested_entrypoints.TestInfiniteEvolveParseArgs" name="test_non_int_max_rounds_rejects" time="0.005" /><testcase classname="tests.test_untested_entrypoints.TestInfiniteEvolveParseArgs" name="test_non_int_parallel_rejects" time="0.005" /><testcase classname="tests.test_untested_entrypoints.TestInfiniteEvolveParseArgs" name="test_non_float_budget_rejects" time="0.005" /><testcase classname="tests.test_untested_entrypoints.TestInfiniteEvolveParseArgs" name="test_unknown_flag_rejects" time="0.005" /><testcase classname="tests.test_untested_entrypoints.TestInfiniteEvolveParseArgs" name="test_smoke_parallel_overrides_parallel" time="0.004" /><testcase classname="tests.test_untested_entrypoints.TestInfiniteEvolveParseArgs" name="test_dry_run_flag" time="0.004" /><testcase classname="tests.test_untested_entrypoints.TestInfiniteEvolveParseArgs" name="test_negative_max_rounds_accepted_by_argparse" time="0.004" /><testcase classname="tests.test_untested_entrypoints.TestRouteEvolve" name="test_help_exits_zero" time="0.046" /><testcase classname="tests.test_untested_entrypoints.TestRouteEvolve" name="test_no_args_default" time="0.004" /><testcase classname="tests.test_untested_entrypoints.TestRouteEvolve" name="test_invalid_mode_rejects" time="0.004" /><testcase classname="tests.test_untested_entrypoints.TestRouteEvolve" name="test_non_int_rounds_rejects" time="0.004" /><testcase classname="tests.test_untested_entrypoints.TestRouteEvolve" name="test_missing_type_and_all_returns_error" time="0.004" /><testcase classname="tests.test_untested_entrypoints.TestRouteEvolve" name="test_unknown_flag_rejects" time="0.004" /><testcase classname="tests.test_untested_entrypoints.TestRouteLoop" name="test_help_exits_zero" time="0.018" /><testcase classname="tests.test_untested_entrypoints.TestRouteLoop" name="test_no_args_default" time="0.003" /><testcase classname="tests.test_untested_entrypoints.TestRouteLoop" name="test_non_int_loops_rejects" time="0.004" /><testcase classname="tests.test_untested_entrypoints.TestRouteLoop" name="test_non_int_parallel_rejects" time="0.004" /><testcase classname="tests.test_untested_entrypoints.TestRouteLoop" name="test_unknown_flag_rejects" time="0.003" /><testcase classname="tests.test_untested_entrypoints.TestAutoEvolveParseArgs" name="test_no_args_defaults_to_10" time="0.011" /><testcase classname="tests.test_untested_entrypoints.TestAutoEvolveParseArgs" name="test_valid_generations" time="0.002" /><testcase classname="tests.test_untested_entrypoints.TestAutoEvolveParseArgs" name="test_non_int_generations_keeps_default" time="0.002" /><testcase classname="tests.test_untested_entrypoints.TestAutoEvolveParseArgs" name="test_generations_with_forwarded_args" time="0.002" /><testcase classname="tests.test_untested_entrypoints.TestAutoEvolveParseArgs" name="test_empty_string_generations_keeps_default" time="0.002" /><testcase classname="tests.test_untested_entrypoints.TestRunOptParseArgs" name="test_no_args_uses_defaults" time="0.002" /><testcase classname="tests.test_untested_entrypoints.TestRunOptParseArgs" name="test_smoke_parallel_from_flag" time="0.002" /><testcase classname="tests.test_untested_entrypoints.TestRunOptParseArgs" name="test_dev_parallel_from_flag" time="0.002" /><testcase classname="tests.test_untested_entrypoints.TestRunOptParseArgs" name="test_holdout_parallel_from_flag" time="0.002" /><testcase classname="tests.test_untested_entrypoints.TestRunOptParseArgs" name="test_non_int_parallel_falls_back_to_default" time="0.002" /><testcase classname="tests.test_untested_entrypoints.TestRunOptParseArgs" name="test_missing_value_after_flag_falls_back" time="0.002" /><testcase classname="tests.test_untested_entrypoints.TestRunOptParseArgs" name="test_zero_parallel_clamped_to_one" time="0.002" /><testcase classname="tests.test_untested_entrypoints.TestRunOptParseArgs" name="test_negative_parallel_clamped_to_one" time="0.002" /><testcase classname="tests.test_untested_entrypoints.TestRunOptParseArgs" name="test_force_direction_from_flag" time="0.002" /><testcase classname="tests.test_untested_entrypoints.TestRunOptParseArgs" name="test_force_direction_missing_value_defaults_empty" time="0.002" /><testcase classname="tests.test_untested_entrypoints.TestRunOptParseArgs" name="test_avoid_failures_from_flag" time="0.002" /><testcase classname="tests.test_untested_entrypoints.TestRunOptParseArgs" name="test_avoid_failures_missing_value_defaults_empty" time="0.002" /><testcase classname="tests.test_untested_entrypoints.TestRunOptParseArgs" name="test_avoid_failures_with_spaces" time="0.002" /><testcase classname="tests.test_untested_entrypoints.TestRunOptParseParallelArgs" name="test_default_smoke_parallel" time="0.002" /><testcase classname="tests.test_untested_entrypoints.TestRunOptParseParallelArgs" name="test_env_override_smoke" time="0.002" /><testcase classname="tests.test_untested_entrypoints.TestRunOptParseParallelArgs" name="test_invalid_env_falls_back_to_default" time="0.002" /><testcase classname="tests.test_untested_entrypoints.TestRunOptParseParallelArgs" name="test_flag_overrides_env" time="0.003" /></testsuite></testsuites>