COMMAND: python -m pytest tests/96250b18b42ebb36-eval-timeout-evidence-isolation.py -q

.......                                                                  [100%]
=============================== tests coverage ================================
_______________ coverage: platform win32, python 3.11.9-final-0 _______________

Name                                       Stmts   Miss Branch BrPart  Cover   Missing
--------------------------------------------------------------------------------------
api\__init__.py                                0      0      0      0   100%
api\continuous_optimizer.py                  115    115     26      0     0%   13-255
api\feedback.py                               85     85     36      0     0%   13-198
api\server.py                                219    219     46      0     0%   23-396
lib\__init__.py                                0      0      0      0   100%
lib\api.py                                    63     63     20      0     0%   10-114
lib\completion_gate.py                       303    303    110      0     0%   12-535
lib\config.py                                123     99     68      0    13%   58-76, 80-84, 153-158, 162-215, 221-256, 261-270, 274-278, 282
lib\io.py                                     47     35     14      0    20%   14-17, 22-24, 29, 34-42, 47-49, 54-63, 68-70, 75, 80
lib\metrics.py                                13     13      2      0     0%   11-70
lib\notifications.py                         156    132     56      0    11%   22-41, 54-56, 61-82, 86-100, 104-113, 117-137, 141, 156, 160-164, 169-208, 218-273
scripts\__init__.py                            0      0      0      0   100%
scripts\analyze_runs.py                       92     92     42      0     0%   5-138
scripts\backfill_candidate_scorecards.py      66     66     22      0     0%   12-125
scripts\best_version_report.py              1467    750    636    119    46%   31, 40->43, 63-64, 69, 73-74, 80, 85->83, 88-91, 97, 120, 124->121, 133, 140, 145, 177, 183, 188-191, 195-205, 213, 246-247, 249, 274->288, 286-287, 309->304, 311->314, 316->318, 319->314, 323->325, 326->321, 329, 342-344, 366->371, 377->386, 416->425, 423-424, 433->441, 435->441, 439-440, 476, 511->513, 522, 525-540, 580->582, 582->584, 585, 589-595, 604, 612, 629-644, 676->678, 731, 746, 748, 749->751, 752, 786->785, 797, 807, 813, 823-858, 946->944, 1017, 1020->1026, 1028, 1029->1035, 1036->1035, 1043, 1052->1054, 1061, 1063, 1067, 1075, 1099->1101, 1161, 1168-1182, 1186-1209, 1216-1217, 1230-1232, 1237, 1298->1302, 1300->1302, 1303, 1305->1317, 1314, 1318->1327, 1325-1326, 1328, 1330->1389, 1338, 1349, 1358, 1371, 1382-1385, 1390-1395, 1399->1417, 1402, 1418->1421, 1421->1429, 1430, 1436->1442, 1443, 1446->1448, 1449, 1451->1462, 1460, 1463, 1465, 1467->1475, 1472->1475, 1496, 1498, 1510-1521, 1527->1526, 1530->1529, 1534, 1536->1535, 1549-1575, 1609->1612, 1615, 1619-1620, 1621->1634, 1623, 1630, 1637->1642, 1652-1655, 1659-1660, 1677->1687, 1687->1697, 1721, 1730-1744, 1748-1753, 1757, 1761-1796, 1800-1829, 1833-1868, 1872-1933, 1937-1999, 2004-2039, 2045-2157, 2161-2212, 2216-2225, 2229-2262, 2266-2327, 2351-2352, 2377, 2392->2394, 2396, 2397->2406, 2403->2406, 2581-2667, 2671-2717, 2721
scripts\bypass_reevaluate.py                 276    276     80      0     0%   25-515
scripts\collect_execution_evidence.py        153    153     40      0     0%   7-240
scripts\compare_runs.py                      203    203     74      0     0%   7-374
scripts\compare_test_runs.py                 141    141     64      0     0%   15-227
scripts\evaluate.py                          319    319     80      0     0%   6-728
scripts\evaluate_routed.py                   110    110     26      0     0%   8-176
scripts\experiment_report.py                 183    183     78      0     0%   12-308
scripts\gatekeeper.py                         82     82     48      0     0%   7-191
scripts\gen_evolution_rounds.py               80     80     30      0     0%   8-169
scripts\generate_questions.py                 21     21      8      0     0%   7-471
scripts\git_reproducibility.py               338    254     90      9    22%   49-51, 56-82, 95-96, 104-111, 114-139, 142-213, 217-226, 231-232, 238, 248-262, 267-306, 310-311, 315-316, 320, 325, 329-332, 337-499, 564-688, 693-727, 734, 737-740, 748, 751, 753->746, 773, 777, 780, 783, 787
scripts\leaderboard.py                        51     51     24      0     0%   8-83
scripts\measure_noise.py                     229    229     64      0     0%   18-455
scripts\preflight.py                         106    106     32      0     0%   6-171
scripts\research_validation_executor.py      430    146    150     38    61%   41-42, 47-63, 68, 102, 115-116, 129, 139, 145, 158-159, 163-165, 178->186, 181, 184, 189, 190->194, 193, 198, 201, 210, 230, 235->239, 283->287, 291, 301-306, 312-313, 326->328, 328->330, 336-343, 347, 382->388, 392->402, 406-444, 447-453, 464, 466, 468, 470, 474->476, 482, 486-493, 495-496, 506-514, 516-517, 540-548, 551-594, 599-601, 617-620, 637->639, 649-651, 668-669, 680-683, 695-699, 704, 750-762, 776
scripts\run_core_flow_e2e.py                 158    158     42      0     0%   19-442
scripts\run_test_matrix.py                    80     80     16      0     0%   4-209
scripts\verify_ci_matrix.py                   83     83     38      0     0%   4-119
scripts\verify_reproducibility.py             55     55     18      0     0%   14-120
--------------------------------------------------------------------------------------
TOTAL                                       5847   4702   2080    166    19%
7 passed in 24.50s

EXIT_CODE: 0
