........................................................................ [  6%]
........................................................................ [ 13%]
........................................................................ [ 20%]
........................................................................ [ 27%]
........................................................................ [ 34%]
........................................................................ [ 41%]
.....................s.................................................. [ 48%]
........................................................................ [ 55%]
........................................................................ [ 62%]
........................................................................ [ 69%]
........................................................................ [ 75%]
........................................................................ [ 82%]
........................................................................ [ 89%]
...s.................................................................... [ 96%]
...................................                                      [100%]
=============================== tests coverage ================================
_______________ coverage: platform win32, python 3.11.9-final-0 _______________

Name                                       Stmts   Miss Branch BrPart  Cover   Missing
--------------------------------------------------------------------------------------
api\__init__.py                                0      0      0      0   100%
api\continuous_optimizer.py                  115      1     26      2    98%   68->65, 140
api\feedback.py                               85      0     36      0   100%
api\server.py                                219      0     46      0   100%
lib\__init__.py                                0      0      0      0   100%
lib\api.py                                    63      0     20      0   100%
lib\completion_gate.py                       303     76    110     24    73%   45->51, 48-49, 54-58, 72-77, 89, 93-95, 101, 112-113, 152-156, 167, 173, 179-180, 182-183, 186-187, 195-196, 201, 210, 216, 231-232, 243-244, 255-256, 278-291, 305, 311, 325-326, 333, 340-341, 359, 379, 382-383, 391-393, 400-405, 479-485
lib\config.py                                123      1     68      1    99%   213
lib\io.py                                     47      0     14      0   100%
lib\metrics.py                                13      0      2      0   100%
scripts\__init__.py                            0      0      0      0   100%
scripts\analyze_runs.py                       92      0     42      0   100%
scripts\backfill_candidate_scorecards.py      66      0     22      0   100%
scripts\bypass_reevaluate.py                 276    276     80      0     0%   25-515
scripts\collect_execution_evidence.py        153     71     40      4    47%   22-26, 30-44, 48-52, 56-63, 67-123, 127-138, 164->168, 205, 224-227, 240
scripts\compare_runs.py                      203     12     74      6    94%   38, 41, 44-45, 88, 145-156, 163-168, 231->233
scripts\compare_test_runs.py                 141      6     64      4    95%   89-90, 184, 214-215, 227
scripts\evaluate.py                          317     34     80      0    88%   48-50, 63-76, 87-88, 97-98, 107-108, 117-118, 127-128, 137-138, 146, 164-165, 176-180, 187
scripts\evaluate_routed.py                   110      0     26      0   100%
scripts\experiment_report.py                 183      0     78      0   100%
scripts\gatekeeper.py                         82      0     48      0   100%
scripts\gen_evolution_rounds.py               80     80     30      0     0%   8-169
scripts\generate_questions.py                 21      0      8      0   100%
scripts\leaderboard.py                        51      5     24      2    88%   39, 41-44
scripts\measure_noise.py                     229    229     64      0     0%   18-455
scripts\preflight.py                          93      0     26      0   100%
scripts\run_core_flow_e2e.py                 158      0     42      0   100%
scripts\run_test_matrix.py                    80      0     16      0   100%
scripts\verify_ci_matrix.py                   83     83     38      0     0%   4-119
scripts\verify_reproducibility.py             55     20     18      5    60%   26-63, 88-89, 90->93, 98-99, 109, 120
--------------------------------------------------------------------------------------
TOTAL                                       3441    894   1142     48    74%
1041 passed, 2 skipped, 1 deselected in 90.96s (0:01:30)
EXIT_CODE=0
